============================= test session starts ==============================
platform darwin -- Python 3.9.6, pytest-8.4.2, pluggy-1.6.0
rootdir: /Users/marklehn/Developer/GitHub/bellows
plugins: anyio-4.12.1, xdist-3.8.0, cov-7.0.0
collected 412 items

tests/test_bellows.py .................................................. [ 12%]
.................................................................        [ 27%]
tests/test_cleanup_verdicts.py ....                                      [ 28%]
tests/test_consume_verdicts.py ............                              [ 31%]
tests/test_decisions.py ..................                               [ 36%]
tests/test_extract_primary_deposit_blocks.py .........                   [ 38%]
tests/test_gates.py .................................................... [ 50%]
........................................................................ [ 68%]
..                                                                       [ 68%]
tests/test_misplaced_verdicts.py .......                                 [ 70%]
tests/test_notifier_server.py ......                                     [ 72%]
tests/test_phase4_parser.py ...                                          [ 72%]
tests/test_phase4_planner_retry.py ..                                    [ 73%]
tests/test_planner.py ...                                                [ 74%]
tests/test_rule_26_deposit_parser.py .........                           [ 76%]
tests/test_runner.py ...................                                 [ 80%]
tests/test_runner_parser.py ..F......                                    [ 83%]
tests/test_validators.py ........................                        [ 88%]
tests/test_verdict.py .......................................            [ 98%]
tests/test_worktree.py .......                                           [100%]

=================================== FAILURES ===================================
____________________________ test_run_step_timeout _____________________________

    def test_run_step_timeout():
        with patch("runner.subprocess.run", side_effect=subprocess.TimeoutExpired("claude", 300)):
            result = runner.run_step("test prompt", "/tmp", "claude-sonnet-4-6")
>       assert result["is_error"] is True
E       assert False is True

tests/test_runner_parser.py:57: AssertionError
=============================== warnings summary ===============================
../../../Library/Python/3.9/lib/python/site-packages/urllib3/__init__.py:35
  /Users/marklehn/Library/Python/3.9/lib/python/site-packages/urllib3/__init__.py:35: NotOpenSSLWarning: urllib3 v2 only supports OpenSSL 1.1.1+, currently the 'ssl' module is compiled with 'LibreSSL 2.8.3'. See: https://github.com/urllib3/urllib3/issues/3020
    warnings.warn(

-- Docs: https://docs.pytest.org/en/stable/how-to/capture-warnings.html
=========================== short test summary info ============================
FAILED tests/test_runner_parser.py::test_run_step_timeout - assert False is True
=================== 1 failed, 411 passed, 1 warning in 7.04s ===================
