============================= test session starts ==============================
platform darwin -- Python 3.9.6, pytest-8.4.2, pluggy-1.6.0 -- /Applications/Xcode.app/Contents/Developer/usr/bin/python3
cachedir: .pytest_cache
rootdir: /Users/marklehn/Developer/GitHub/bellows/.bellows-worktrees/bellows-scope-check-fp-fix-impl-2026-06-10
plugins: anyio-4.12.1, xdist-3.8.0, timeout-2.4.0, cov-7.0.0
collecting ... collected 455 items

tests/test_bellows.py::test_load_config PASSED                           [  0%]
tests/test_bellows.py::test_load_config_merges_secrets PASSED            [  0%]
tests/test_bellows.py::test_load_config_missing_secrets PASSED           [  0%]
tests/test_bellows.py::test_load_config_deep_merge PASSED                [  0%]
tests/test_bellows.py::test_is_final_step PASSED                         [  1%]
tests/test_bellows.py::test_is_runnable_plan_diagnostic PASSED           [  1%]
tests/test_bellows.py::test_is_runnable_plan_parallel_prefix PASSED      [  1%]
tests/test_bellows.py::test_extract_parallel_group_match PASSED          [  1%]
tests/test_bellows.py::test_extract_parallel_group_no_match PASSED       [  1%]
tests/test_bellows.py::test_is_plan_stranded_returns_true_when_inprogress_exists PASSED [  2%]
tests/test_bellows.py::test_is_plan_stranded_returns_true_when_done_missing PASSED [  2%]
tests/test_bellows.py::test_is_plan_stranded_returns_false_on_happy_path PASSED [  2%]
tests/test_bellows.py::test_rescan_preserves_seen PASSED                 [  2%]
tests/test_bellows.py::test_source_sha_returns_string PASSED             [  3%]
tests/test_bellows.py::test_diagnostic_auto_close_moves_to_done PASSED   [  3%]
tests/test_bellows.py::test_clean_diagnostic_no_header_posts_verdict PASSED [  3%]
tests/test_bellows.py::test_clean_diagnostic_auto_close_true_moves_to_done PASSED [  3%]
tests/test_bellows.py::test_executable_no_header_defaults_to_verdict PASSED [  3%]
tests/test_bellows.py::test_executable_explicit_auto_close_true_still_closes PASSED [  4%]
tests/test_bellows.py::test_handle_parallel_group_stagger PASSED         [  4%]
tests/test_bellows.py::test_verdict_continue_at_final_step_moves_to_done PASSED [  4%]
tests/test_bellows.py::test_capture_git_diff_returns_head_sha PASSED     [  4%]
tests/test_bellows.py::test_capture_git_diff_returns_empty_on_no_git PASSED [  5%]
tests/test_bellows.py::test_parse_diff_stat_empty_pre_sha_returns_empty PASSED [  5%]
tests/test_bellows.py::test_parse_diff_stat_detects_committed_changes PASSED [  5%]
tests/test_bellows.py::test_parse_diff_stat_detects_uncommitted_changes PASSED [  5%]
tests/test_bellows.py::test_parse_diff_stat_filters_dotdot_paths PASSED  [  5%]
tests/test_bellows.py::test_run_plan_resume_step_uses_correct_prompt PASSED [  6%]
tests/test_bellows.py::test_consume_verdicts_continue_calls_handle_new_plan_with_resume_step PASSED [  6%]
tests/test_bellows.py::test_consume_verdicts_deletes_pending_file PASSED [  6%]
tests/test_bellows.py::test_consume_verdicts_pending_cleanup_safe_when_file_missing PASSED [  6%]
tests/test_bellows.py::test_consume_verdicts_scopes_to_project_from_pending_file PASSED [  7%]
tests/test_bellows.py::test_consume_verdicts_fallback_to_all_watched_when_pending_missing PASSED [  7%]
tests/test_bellows.py::test_consume_verdicts_break_prevents_double_consumption PASSED [  7%]
tests/test_bellows.py::test_handle_parallel_from_watchdog_adds_pending_not_dispatched PASSED [  7%]
tests/test_bellows.py::test_rescan_dispatches_pending_group_after_settle PASSED [  7%]
tests/test_bellows.py::test_rescan_does_not_dispatch_pending_group_within_settle PASSED [  8%]
tests/test_bellows.py::test_nonparallel_plan_dispatches_immediately_from_handle PASSED [  8%]
tests/test_bellows.py::test_two_parallel_siblings_collected_as_one_group PASSED [  8%]
tests/test_bellows.py::test_run_plan_claims_file_before_runner_runs PASSED [  8%]
tests/test_bellows.py::test_run_plan_skips_claim_if_already_inprogress PASSED [  9%]
tests/test_bellows.py::test_run_plan_bootstrap_prompt_uses_shadow_path PASSED [  9%]
tests/test_bellows.py::test_run_plan_continuation_prompt_uses_shadow_path PASSED [  9%]
tests/test_bellows.py::test_run_plan_diagnostic_prompt_uses_shadow_path PASSED [  9%]
tests/test_bellows.py::test_run_plan_resume_prompt_uses_shadow_path PASSED [  9%]
tests/test_bellows.py::test_shadow_path_resolves_after_claim PASSED      [ 10%]
tests/test_bellows.py::test_on_moved_dispatches_for_non_directory_event PASSED [ 10%]
tests/test_bellows.py::test_on_moved_ignores_directory_events PASSED     [ 10%]
tests/test_bellows.py::test_on_moved_dispatches_for_top_level_dest PASSED [ 10%]
tests/test_bellows.py::test_on_moved_rejects_subdirectory_dest PASSED    [ 10%]
tests/test_bellows.py::test_on_moved_dispatches_same_directory_rename PASSED [ 11%]
tests/test_bellows.py::test_is_runnable_plan_inprogress_executable_returns_false PASSED [ 11%]
tests/test_bellows.py::test_is_runnable_plan_qa_prefix PASSED            [ 11%]
tests/test_bellows.py::test_is_runnable_plan_parallel_qa_prefix PASSED   [ 11%]
tests/test_bellows.py::test_is_runnable_plan_rejects_roadmap PASSED      [ 12%]
tests/test_bellows.py::test_is_runnable_plan_rejects_staging PASSED      [ 12%]
tests/test_bellows.py::test_skip_logging_fires_once PASSED               [ 12%]
tests/test_bellows.py::test_skip_logging_deduplication PASSED            [ 12%]
tests/test_bellows.py::test_consume_verdicts_no_match_leaves_in_resolved PASSED [ 12%]
tests/test_bellows.py::test_consume_verdicts_stale_verdict_plan_in_done_moves_to_processed PASSED [ 13%]
tests/test_bellows.py::test_consume_verdicts_match_still_moves_to_processed PASSED [ 13%]
tests/test_bellows.py::test_run_plan_inprogress_entry_renames_to_verdict_pending PASSED [ 13%]
tests/test_bellows.py::test_run_plan_inprogress_entry_no_double_prefix PASSED [ 13%]
tests/test_bellows.py::test_extract_total_steps_mixed_case PASSED        [ 14%]
tests/test_bellows.py::test_extract_total_steps_lowercase PASSED         [ 14%]
tests/test_bellows.py::test_extract_total_steps_uppercase_unchanged PASSED [ 14%]
tests/test_bellows.py::test_extract_total_steps_requires_number PASSED   [ 14%]
tests/test_bellows.py::test_extract_total_steps_case_mismatch_warning PASSED [ 14%]
tests/test_bellows.py::test_strip_fenced_code_blocks_basic PASSED        [ 15%]
tests/test_bellows.py::test_extract_total_steps_ignores_in_fence_headers PASSED [ 15%]
tests/test_bellows.py::test_record_run_stores_plan_slug PASSED           [ 15%]
tests/test_bellows.py::test_run_plan_creates_worktree_before_pre_diff PASSED [ 15%]
tests/test_bellows.py::test_run_plan_passes_wt_path_to_capture_and_runner PASSED [ 16%]
tests/test_bellows.py::test_run_plan_tears_down_worktree_after_final_gate PASSED [ 16%]
tests/test_bellows.py::test_run_plan_strict_pause_on_creation_failure PASSED [ 16%]
tests/test_bellows.py::test_run_plan_pauses_on_merge_conflict PASSED     [ 16%]
tests/test_bellows.py::test_bellows_init_runs_worktree_prune PASSED      [ 16%]
tests/test_bellows.py::test_create_worktree_returns_project_path_when_no_git PASSED [ 17%]
tests/test_bellows.py::test_teardown_worktree_noop_when_wt_equals_project PASSED [ 17%]
tests/test_bellows.py::test_mode_a_detected_and_recovered PASSED         [ 17%]
tests/test_bellows.py::test_mode_a_no_detection_normal_flow PASSED       [ 17%]
tests/test_bellows.py::test_mode_a_missing_file_not_in_done PASSED       [ 18%]
tests/test_bellows.py::test_mode_a_recovery_failure PASSED               [ 18%]
tests/test_bellows.py::test_mode_a_synthetic_failure_in_verdict_request PASSED [ 18%]
tests/test_bellows.py::test_create_worktree_proceeds_when_git_exists PASSED [ 18%]
tests/test_bellows.py::test_warning_multi_step_plan_without_pause_for_verdict PASSED [ 18%]
tests/test_bellows.py::test_no_warning_multi_step_plan_with_pause_for_verdict PASSED [ 19%]
tests/test_bellows.py::test_no_warning_single_step_plan_without_pause_for_verdict PASSED [ 19%]
tests/test_bellows.py::test_no_warning_multi_step_plan_with_pause_always PASSED [ 19%]
tests/test_bellows.py::test_teardown_worktree_removes_stale_index_lock PASSED [ 19%]
tests/test_bellows.py::test_teardown_worktree_waits_for_fresh_index_lock PASSED [ 20%]
tests/test_bellows.py::test_teardown_worktree_force_removes_orphaned_directory PASSED [ 20%]
tests/test_bellows.py::test_defensive_default_sets_pause_for_verdict_when_header_sparse PASSED [ 20%]
tests/test_bellows.py::test_defensive_default_does_not_override_explicit_pause_for_verdict PASSED [ 20%]
tests/test_bellows.py::test_seen_uses_slug_not_path PASSED               [ 20%]
tests/test_bellows.py::test_seen_dispatch_window_guard_holds PASSED      [ 21%]
tests/test_bellows.py::test_on_modified_invalidates_seen_for_runnable_plan PASSED [ 21%]
tests/test_bellows.py::test_on_modified_preserves_seen_for_lifecycle_renames PASSED [ 21%]
tests/test_bellows.py::test_on_created_invalidates_seen_for_runnable_plan PASSED [ 21%]
tests/test_bellows.py::test_on_created_preserves_seen_for_lifecycle_renames PASSED [ 21%]
tests/test_bellows.py::test_on_moved_invalidates_seen_for_runnable_plan PASSED [ 22%]
tests/test_bellows.py::test_on_moved_preserves_seen_for_lifecycle_renames PASSED [ 22%]
tests/test_bellows.py::test_apply_defensive_header_defaults_propagates_to_reparsed_header PASSED [ 22%]
tests/test_bellows.py::test_seen_cleared_on_continue_to_done PASSED      [ 22%]
tests/test_bellows.py::test_seen_cleared_on_halt PASSED                  [ 23%]
tests/test_bellows.py::test_module_fingerprints_returns_all_six_modules PASSED [ 23%]
tests/test_bellows.py::test_module_fingerprints_handles_git_failure PASSED [ 23%]
tests/test_bellows.py::test_module_fingerprints_fallback_to_unknown_on_unexpected_error PASSED [ 23%]
tests/test_bellows.py::test_auto_close_yaml_bool_does_not_crash PASSED   [ 23%]
tests/test_bellows.py::test_auto_close_yaml_bool_false PASSED            [ 24%]
tests/test_bellows.py::test_migrate_config_idempotent PASSED             [ 24%]
tests/test_bellows.py::test_migrate_config_preserves_values PASSED       [ 24%]
tests/test_bellows.py::test_migrate_config_already_split PASSED          [ 24%]
tests/test_bellows.py::test_consume_verdicts_malformed_filename_logs_warn_and_notifies PASSED [ 25%]
tests/test_bellows.py::test_consume_verdicts_malformed_filename_still_skipped PASSED [ 25%]
tests/test_bellows.py::test_consume_verdicts_valid_filename_not_flagged PASSED [ 25%]
tests/test_bellows.py::test_consume_verdicts_verdict_request_not_flagged_as_malformed PASSED [ 25%]
tests/test_bellows.py::test_pause_site_1_worktree_creation_failure_renames_before_post PASSED [ 25%]
tests/test_bellows.py::test_pause_site_2_intermediate_step_gate_failure_renames_before_post PASSED [ 26%]
tests/test_bellows.py::test_pause_site_3_final_step_gate_failure_renames_before_post PASSED [ 26%]
tests/test_bellows.py::test_pause_site_4_auto_close_teardown_failure_renames_before_post PASSED [ 26%]
tests/test_bellows.py::test_gates_log_includes_failure_gates_and_files_changed_count PASSED [ 26%]
tests/test_bellows_root.py::test_resolves_to_dir_with_config PASSED      [ 27%]
tests/test_bellows_root.py::test_walks_up_to_config PASSED               [ 27%]
tests/test_bellows_root.py::test_falls_back_when_no_config PASSED        [ 27%]
tests/test_cleanup_verdicts.py::TestCleanupVerdictsForSlug::test_cleanup_removes_all_step_files_for_slug PASSED [ 27%]
tests/test_cleanup_verdicts.py::TestCleanupVerdictsForSlug::test_cleanup_noop_when_no_matches PASSED [ 27%]
tests/test_cleanup_verdicts.py::TestCleanupVerdictsForSlug::test_cleanup_respects_slug_boundary PASSED [ 28%]
tests/test_cleanup_verdicts.py::TestCleanupVerdictsForSlug::test_cleanup_ignores_resolved_directory PASSED [ 28%]
tests/test_consume_verdicts.py::test_cleanup_normalizes_prefixed_verdict_slug PASSED [ 28%]
tests/test_consume_verdicts.py::test_cleanup_unprefixed_verdict_slug PASSED [ 28%]
tests/test_consume_verdicts.py::test_consume_verdicts_skips_verdict_request_files PASSED [ 29%]
tests/test_consume_verdicts.py::test_dispatch_starts_fresh_when_db_has_orphan_slug_rows PASSED [ 29%]
tests/test_consume_verdicts.py::test_consume_verdicts_marks_resolved_processed_when_plan_halted PASSED [ 29%]
tests/test_consume_verdicts.py::test_startup_sweep_removes_done_plan_orphans PASSED [ 29%]
tests/test_consume_verdicts.py::test_consume_verdict_continue_advances_step_when_precondition_failure_absent PASSED [ 29%]
tests/test_consume_verdicts.py::test_consume_verdict_continue_advances_step_when_precondition_failure_false PASSED [ 30%]
tests/test_consume_verdicts.py::test_consume_verdict_continue_retries_step_when_precondition_failure_true PASSED [ 30%]
tests/test_consume_verdicts.py::test_consume_verdicts_parses_gate_result_json_continue_to_done PASSED [ 30%]
tests/test_consume_verdicts.py::test_consume_verdicts_parses_gate_result_json_continue_resume PASSED [ 30%]
tests/test_consume_verdicts.py::test_consume_verdicts_falls_back_to_empty_when_metadata_absent PASSED [ 30%]
tests/test_consume_verdicts.py::test_no_match_warning_logged_once PASSED [ 31%]
tests/test_consume_verdicts.py::test_no_match_warning_cleared_when_file_leaves_resolved PASSED [ 31%]
tests/test_consume_verdicts.py::test_continue_blocked_on_worktree_teardown_failure_interstep PASSED [ 31%]
tests/test_consume_verdicts.py::test_continue_to_done_blocked_on_worktree_teardown_failure_final_step PASSED [ 31%]
tests/test_consume_verdicts.py::test_continue_advances_normally_without_teardown_failure PASSED [ 32%]
tests/test_decisions.py::TestLoadPhrases::test_loads_phrases_from_file PASSED [ 32%]
tests/test_decisions.py::TestLoadPhrases::test_includes_known_phrases PASSED [ 32%]
tests/test_decisions.py::TestLoadPhrases::test_splits_slash_alternatives PASSED [ 32%]
tests/test_decisions.py::TestLoadPhrases::test_handles_missing_file PASSED [ 32%]
tests/test_decisions.py::TestLoadPhrases::test_caches_result PASSED      [ 33%]
tests/test_decisions.py::TestExtractDecisionBlocks::test_s_class_blocks_from_ground_truth PASSED [ 33%]
tests/test_decisions.py::TestExtractDecisionBlocks::test_empty_input_string PASSED [ 33%]
tests/test_decisions.py::TestExtractDecisionBlocks::test_empty_input_list PASSED [ 33%]
tests/test_decisions.py::TestExtractDecisionBlocks::test_none_input PASSED [ 34%]
tests/test_decisions.py::TestExtractDecisionBlocks::test_empty_phrases PASSED [ 34%]
tests/test_decisions.py::TestExtractDecisionBlocks::test_malformed_ndjson PASSED [ 34%]
tests/test_decisions.py::TestExtractDecisionBlocks::test_malformed_mixed_with_valid PASSED [ 34%]
tests/test_decisions.py::TestExtractDecisionBlocks::test_multiple_content_items PASSED [ 34%]
tests/test_decisions.py::TestExtractDecisionBlocks::test_text_truncation PASSED [ 35%]
tests/test_decisions.py::TestExtractDecisionBlocks::test_case_insensitive_matching PASSED [ 35%]
tests/test_decisions.py::TestExtractDecisionBlocks::test_non_assistant_events_ignored PASSED [ 35%]
tests/test_decisions.py::TestExtractDecisionBlocks::test_pre_parsed_event_list PASSED [ 35%]
tests/test_decisions.py::TestExtractDecisionBlocks::test_event_idx_tracking PASSED [ 36%]
tests/test_extract_primary_deposit_blocks.py::test_block_single_md_path_returned PASSED [ 36%]
tests/test_extract_primary_deposit_blocks.py::test_block_multiple_md_first_returned PASSED [ 36%]
tests/test_extract_primary_deposit_blocks.py::test_block_none_bullet_returns_none PASSED [ 36%]
tests/test_extract_primary_deposit_blocks.py::test_block_directory_only_returns_none PASSED [ 36%]
tests/test_extract_primary_deposit_blocks.py::test_no_block_falls_back_to_legacy PASSED [ 37%]
tests/test_extract_primary_deposit_blocks.py::test_block_with_blockquote_prefix_still_matches PASSED [ 37%]
tests/test_extract_primary_deposit_blocks.py::test_block_with_blank_quoted_line_between_header_and_bullets PASSED [ 37%]
tests/test_extract_primary_deposit_blocks.py::test_block_with_multiple_blank_quoted_lines PASSED [ 37%]
tests/test_extract_primary_deposit_blocks.py::test_block_does_not_span_paragraphs PASSED [ 38%]
tests/test_gates.py::test_all_gates_pass_on_clean_parsed PASSED          [ 38%]
tests/test_gates.py::test_receipt_status_blocked PASSED                  [ 38%]
tests/test_gates.py::test_receipt_status_partial PASSED                  [ 38%]
tests/test_gates.py::test_ceo_flags_nonempty PASSED                      [ 38%]
tests/test_gates.py::test_is_error_true PASSED                           [ 39%]
tests/test_gates.py::test_permission_denials_nonempty PASSED             [ 39%]
tests/test_gates.py::test_permission_denials_read_class_only_passes PASSED [ 39%]
tests/test_gates.py::test_permission_denials_write_class_fails PASSED    [ 39%]
tests/test_gates.py::test_permission_denials_mixed_read_write_fails PASSED [ 40%]
tests/test_gates.py::test_permission_denials_missing_tool_name_fails PASSED [ 40%]
tests/test_gates.py::test_permission_denials_none_tool_name_fails PASSED [ 40%]
tests/test_gates.py::test_permission_denials_unknown_tool_fails PASSED   [ 40%]
tests/test_gates.py::test_permission_denials_string_form_fails PASSED    [ 40%]
tests/test_gates.py::test_deposit_path_missing PASSED                    [ 41%]
tests/test_gates.py::test_qa_step_detection PASSED                       [ 41%]
tests/test_gates.py::test_file_change_audit_populates PASSED             [ 41%]
tests/test_gates.py::test_scope_check_passes_when_files_in_plan PASSED   [ 41%]
tests/test_gates.py::test_scope_check_fails_when_file_not_in_plan PASSED [ 41%]
tests/test_gates.py::test_scope_check_allowlist PASSED                   [ 42%]
tests/test_gates.py::test_no_deposit_section_passes PASSED               [ 42%]
tests/test_gates.py::test_parse_plan_header_empty PASSED                 [ 42%]
tests/test_gates.py::test_parse_plan_header_basic PASSED                 [ 42%]
tests/test_gates.py::test_parse_plan_header_malformed PASSED             [ 43%]
tests/test_gates.py::test_parse_plan_header_pipe_format_with_pause_for_verdict PASSED [ 43%]
tests/test_gates.py::test_parse_plan_header_pipe_format_without_pause_for_verdict PASSED [ 43%]
tests/test_gates.py::test_parse_plan_header_yaml_still_works PASSED      [ 43%]
tests/test_gates.py::test_parse_plan_header_no_format_returns_empty PASSED [ 43%]
tests/test_gates.py::test_parse_plan_header_pipe_format_always PASSED    [ 44%]
tests/test_gates.py::test_parse_plan_header_pipe_format_key_normalization PASSED [ 44%]
tests/test_gates.py::test_pipe_header_pause_for_verdict_after_step_1_causes_pause PASSED [ 44%]
tests/test_gates.py::test_pipe_header_pause_for_verdict_always_causes_pause PASSED [ 44%]
tests/test_gates.py::test_pipe_header_no_pause_for_verdict_no_pause PASSED [ 45%]
tests/test_gates.py::test_parse_plan_header_multi_line_bold_returns_all_fields PASSED [ 45%]
tests/test_gates.py::test_parse_plan_header_single_line_pipe_still_works PASSED [ 45%]
tests/test_gates.py::test_parse_plan_header_multi_line_bold_with_blank_lines PASSED [ 45%]
tests/test_gates.py::test_parse_plan_header_horizontal_rule_terminates_header_block PASSED [ 45%]
tests/test_gates.py::test_parse_plan_header_non_bold_line_terminates_header_block PASSED [ 46%]
tests/test_gates.py::test_scope_check_prefix_allowlist_in_progress PASSED [ 46%]
tests/test_gates.py::test_scope_check_prefix_allowlist_verdict_pending PASSED [ 46%]
tests/test_gates.py::test_scope_check_prefix_allowlist_halted PASSED     [ 46%]
tests/test_gates.py::test_scope_check_prefix_allowlist_does_not_suppress_real_violations PASSED [ 47%]
tests/test_gates.py::test_scope_check_accepts_child_file_under_trailing_slash_dir PASSED [ 47%]
tests/test_gates.py::test_scope_check_accepts_child_file_under_dir_placeholder_pattern PASSED [ 47%]
tests/test_gates.py::test_scope_check_depth_guard_rejects_shallow_dir_mention PASSED [ 47%]
tests/test_gates.py::test_scope_check_dir_mention_does_not_authorize_unmentioned_sibling_dir PASSED [ 47%]
tests/test_gates.py::test_verdict_requested_from_parsed_dict PASSED      [ 48%]
tests/test_gates.py::test_verdict_requested_defaults_when_key_missing PASSED [ 48%]
tests/test_gates.py::test_resolve_deposit_path_directory_as_is PASSED    [ 48%]
tests/test_gates.py::test_resolve_deposit_path_directory_project_relative PASSED [ 48%]
tests/test_gates.py::test_resolve_deposit_path_directory_parent_relative PASSED [ 49%]
tests/test_gates.py::test_resolve_deposit_path_nonexistent PASSED        [ 49%]
tests/test_gates.py::test_gate_deposit_exists_directory_in_deposits_block PASSED [ 49%]
tests/test_gates.py::test_deposit_exists_extracts_path_from_backtick_with_description PASSED [ 49%]
tests/test_gates.py::test_deposit_exists_extracts_path_from_backtick_only PASSED [ 49%]
tests/test_gates.py::test_deposit_exists_extracts_path_from_bare_path_without_backticks PASSED [ 50%]
tests/test_gates.py::test_deposit_exists_still_fails_on_genuinely_missing_path_with_new_format PASSED [ 50%]
tests/test_gates.py::test_extract_plan_required_deposits_inline_format PASSED [ 50%]
tests/test_gates.py::test_extract_plan_required_deposits_multiline_format PASSED [ 50%]
tests/test_gates.py::test_extract_plan_required_deposits_preserves_block_order PASSED [ 50%]
tests/test_gates.py::test_rule_20_self_check_passes_with_valid_banner_and_passed_line PASSED [ 51%]
tests/test_gates.py::test_rule_20_self_check_fails_when_banner_missing PASSED [ 51%]
tests/test_gates.py::test_rule_20_self_check_fails_when_banner_without_passed_line PASSED [ 51%]
tests/test_gates.py::test_rule_20_self_check_fails_when_deposit_unreadable PASSED [ 51%]
tests/test_gates.py::test_rule_20_self_check_skipped_on_non_qa_step PASSED [ 52%]
tests/test_gates.py::test_rule_20_self_check_passes_when_passed_line_after_banner_in_multi_section_report PASSED [ 52%]
tests/test_gates.py::test_resolve_deposit_path_returns_absolute_path_when_found PASSED [ 52%]
tests/test_gates.py::test_resolve_deposit_path_returns_none_when_not_found PASSED [ 52%]
tests/test_gates.py::test_resolve_deposit_path_finds_file_in_worktree PASSED [ 52%]
tests/test_gates.py::test_resolve_deposit_path_finds_file_in_worktree_form_a PASSED [ 53%]
tests/test_gates.py::test_resolve_deposit_path_bellows_self_no_wt_path_drift PASSED [ 53%]
tests/test_gates.py::test_resolve_deposit_path_no_wt_path_backward_compat PASSED [ 53%]
tests/test_gates.py::test_gate_deposit_exists_threads_wt_path PASSED     [ 53%]
tests/test_gates.py::test_rule_20_self_check_resolves_via_worktree_path PASSED [ 54%]
tests/test_gates.py::test_extract_step_text_ignores_in_fence_headers PASSED [ 54%]
tests/test_gates.py::test_gate_is_qa_step_ignores_in_fence_headers PASSED [ 54%]
tests/test_gates.py::test_extract_step_text_ignores_inline_code_references PASSED [ 54%]
tests/test_gates.py::test_gate_is_qa_step_ignores_inline_code_references PASSED [ 54%]
tests/test_gates.py::test_permission_denials_vexp_run_pipeline_exempt PASSED [ 55%]
tests/test_gates.py::test_permission_denials_vexp_get_context_capsule_exempt PASSED [ 55%]
tests/test_gates.py::test_permission_denials_vexp_get_session_context_exempt PASSED [ 55%]
tests/test_gates.py::test_permission_denials_vexp_get_skeleton_exempt PASSED [ 55%]
tests/test_gates.py::test_permission_denials_vexp_index_status_exempt PASSED [ 56%]
tests/test_gates.py::test_permission_denials_vexp_search_memory_exempt PASSED [ 56%]
tests/test_gates.py::test_permission_denials_vexp_save_observation_is_not_exempted PASSED [ 56%]
tests/test_gates.py::test_gate_deposit_exists_fails_when_file_truly_missing PASSED [ 56%]
tests/test_gates.py::test_extract_deposits_filters_staging_prefix PASSED [ 56%]
tests/test_gates.py::test_extract_deposits_filters_staging_in_structured_block PASSED [ 57%]
tests/test_gates.py::test_extract_deposits_filters_staging_in_inline_format PASSED [ 57%]
tests/test_gates.py::test_extract_deposits_filters_staging_in_legacy_prose PASSED [ 57%]
tests/test_gates.py::test_rule_20_banner_in_fenced_block PASSED          [ 57%]
tests/test_gates.py::test_rule_20_banner_with_decoration PASSED          [ 58%]
tests/test_gates.py::test_rule_20_banner_with_shell_prompt_prefix PASSED [ 58%]
tests/test_gates.py::test_rule_20_passed_line_with_indentation PASSED    [ 58%]
tests/test_gates.py::test_rule_20_no_banner PASSED                       [ 58%]
tests/test_gates.py::test_rule_20_banner_without_passed PASSED           [ 58%]
tests/test_gates.py::test_parse_plan_header_yaml_frontmatter_returns_deposits_list PASSED [ 59%]
tests/test_gates.py::test_parse_plan_header_yaml_frontmatter_returns_nested_qa_dict PASSED [ 59%]
tests/test_gates.py::test_parse_plan_header_malformed_yaml_falls_through_to_bold_markdown PASSED [ 59%]
tests/test_gates.py::test_gate_deposit_exists_uses_frontmatter_when_present_and_passes_when_file_exists PASSED [ 59%]
tests/test_gates.py::test_rule_20_gate_tolerates_bold_passed_line PASSED [ 60%]
tests/test_gates.py::test_rule_20_gate_tolerates_single_asterisk_passed_line PASSED [ 60%]
tests/test_gates.py::test_no_permission_denials_exempts_guardrails_lock_cleanup PASSED [ 60%]
tests/test_gates.py::test_no_permission_denials_still_blocks_other_bash_denials PASSED [ 60%]
tests/test_gates.py::test_gate_deposit_exists_uses_frontmatter_and_ignores_staging_in_prose PASSED [ 60%]
tests/test_gates.py::test_normalize_deposit_path_abs_to_rel PASSED       [ 61%]
tests/test_gates.py::test_normalize_deposit_path_prefixed_to_rel PASSED  [ 61%]
tests/test_gates.py::test_normalize_deposit_path_already_rel PASSED      [ 61%]
tests/test_gates.py::test_gate_deposit_exists_cross_form_abs_vs_rel PASSED [ 61%]
tests/test_gates.py::test_gate_deposit_exists_actually_missing PASSED    [ 61%]
tests/test_gates.py::test_resolve_deposit_path_absolute_worktree_remap PASSED [ 62%]
tests/test_gates.py::test_rule_22_non_qa_all_deposits_present PASSED     [ 62%]
tests/test_gates.py::test_rule_22_non_qa_deposit_missing PASSED          [ 62%]
tests/test_gates.py::test_rule_22_qa_all_pass PASSED                     [ 62%]
tests/test_gates.py::test_rule_22_qa_fail_row PASSED                     [ 63%]
tests/test_gates.py::test_rule_22_qa_missing_status PASSED               [ 63%]
tests/test_gates.py::test_rule_22_qa_hedging_keyword PASSED              [ 63%]
tests/test_gates.py::test_rule_22_qa_both_fail_and_hedging PASSED        [ 63%]
tests/test_gates.py::test_rule_22_qa_report_missing PASSED               [ 63%]
tests/test_gates.py::test_rule_20_self_check_scopes_to_first_md_deposit_ignoring_incidental_banner_in_other_deposits PASSED [ 64%]
tests/test_gates.py::test_rule_20_self_check_fails_when_first_md_deposit_lacks_passed_line PASSED [ 64%]
tests/test_gates.py::test_rule_20_self_check_distinguishes_no_md_paths_from_missing_banner PASSED [ 64%]
tests/test_gates.py::test_rule_22_verification_c_skips_non_verification_section_tables PASSED [ 64%]
tests/test_gates.py::test_rule_22_verification_c_accepts_text_pass_status PASSED [ 65%]
tests/test_gates.py::test_rule_22_verification_c_flags_genuine_missing_status_in_verification_table PASSED [ 65%]
tests/test_gates.py::test_qa_steps_field_single_step_matches PASSED      [ 65%]
tests/test_gates.py::test_qa_steps_field_single_step_excludes_other PASSED [ 65%]
tests/test_gates.py::test_qa_steps_field_multi_step PASSED               [ 65%]
tests/test_gates.py::test_qa_steps_field_absent_falls_back_to_keyword PASSED [ 66%]
tests/test_gates.py::test_qa_steps_field_malformed_falls_back_to_keyword PASSED [ 66%]
tests/test_gates.py::test_qa_steps_field_yaml_list PASSED                [ 66%]
tests/test_gates.py::test_qa_steps_field_non_qa_role_header PASSED       [ 66%]
tests/test_gates.py::test_ceo_flags_null_declaration_prose_passes PASSED [ 67%]
tests/test_gates.py::test_rule_22_c_enumerative_table_inside_verification_section_passes PASSED [ 67%]
tests/test_gates.py::test_rule_22_d_pending_in_description_cell_passes PASSED [ 67%]
tests/test_gates.py::test_ceo_flags_real_flag_still_fires PASSED         [ 67%]
tests/test_gates.py::test_rule_22_c_genuine_missing_status_still_fires PASSED [ 67%]
tests/test_gates.py::test_rule_22_d_pending_in_status_cell_still_fires PASSED [ 68%]
tests/test_gates.py::test_scope_check_union_authorizes_earlier_step_file PASSED [ 68%]
tests/test_gates.py::test_scope_check_union_authorizes_file_from_step_1_at_step_2 PASSED [ 68%]
tests/test_gates.py::test_scope_check_union_still_rejects_unmentioned_file PASSED [ 68%]
tests/test_gates.py::test_scope_check_union_does_not_blanket_authorize_across_dirs PASSED [ 69%]
tests/test_misplaced_verdicts.py::test_scan_misplaced_verdicts_warns_on_verdict_in_pending PASSED [ 69%]
tests/test_misplaced_verdicts.py::test_scan_misplaced_verdicts_ignores_verdict_request_files PASSED [ 69%]
tests/test_misplaced_verdicts.py::test_scan_misplaced_verdicts_ignores_non_md_files PASSED [ 69%]
tests/test_misplaced_verdicts.py::test_scan_misplaced_verdicts_pushover_deduped_per_file PASSED [ 69%]
tests/test_misplaced_verdicts.py::test_scan_misplaced_verdicts_pushover_failure_swallowed PASSED [ 70%]
tests/test_misplaced_verdicts.py::test_scan_misplaced_verdicts_invoked_from_consume_verdicts PASSED [ 70%]
tests/test_misplaced_verdicts.py::test_scan_misplaced_verdicts_empty_pending_directory PASSED [ 70%]
tests/test_notifier_server.py::test_push_success PASSED                  [ 70%]
tests/test_notifier_server.py::test_push_passes_timeout PASSED           [ 70%]
tests/test_notifier_server.py::test_push_timeout_exception_handled_gracefully PASSED [ 71%]
tests/test_notifier_server.py::test_no_stranded_check_in_run_plan PASSED [ 71%]
tests/test_notifier_server.py::test_push_failure PASSED                  [ 71%]
tests/test_notifier_server.py::test_server_respond PASSED                [ 71%]
tests/test_phase4_parser.py::test_parser_returns_complete_for_end_turn PASSED [ 72%]
tests/test_phase4_parser.py::test_parser_returns_blocked_for_error PASSED [ 72%]
tests/test_phase4_parser.py::test_parser_returns_partial_for_max_tokens PASSED [ 72%]
tests/test_phase4_planner_retry.py::test_planner_retries_on_auth_failure PASSED [ 72%]
tests/test_phase4_planner_retry.py::test_planner_falls_back_to_continue_on_persistent_failure PASSED [ 72%]
tests/test_planner.py::test_build_consult_file PASSED                    [ 73%]
tests/test_planner.py::test_consult_bad_json PASSED                      [ 73%]
tests/test_planner.py::test_consult_timeout PASSED                       [ 73%]
tests/test_rule_26_deposit_parser.py::test_extract_plan_required_deposits_prefers_declared_block PASSED [ 73%]
tests/test_rule_26_deposit_parser.py::test_extract_plan_required_deposits_falls_back_to_legacy_when_no_block PASSED [ 74%]
tests/test_rule_26_deposit_parser.py::test_extract_plan_required_deposits_handles_none_bullet PASSED [ 74%]
tests/test_rule_26_deposit_parser.py::test_extract_plan_required_deposits_ignores_paths_in_code_fences_when_block_present PASSED [ 74%]
tests/test_rule_26_deposit_parser.py::test_extract_primary_deposit_scoping_in_post_verdict_request PASSED [ 74%]
tests/test_rule_26_deposit_parser.py::test_extract_plan_required_deposits_blank_quoted_line PASSED [ 74%]
tests/test_rule_26_deposit_parser.py::test_extract_plan_required_deposits_multiple_blank_quoted_lines PASSED [ 75%]
tests/test_rule_26_deposit_parser.py::test_extract_plan_required_deposits_does_not_span_paragraphs PASSED [ 75%]
tests/test_rule_26_deposit_parser.py::test_extract_step_text_helper_gates_py PASSED [ 75%]
tests/test_runner.py::test_runner_sets_disable_autoupdater_env_var PASSED [ 75%]
tests/test_runner.py::test_runner_respects_explicit_disable_autoupdater_override PASSED [ 76%]
tests/test_runner.py::test_configurable_timeout_respected PASSED         [ 76%]
tests/test_runner.py::test_timeout_returns_cost_none PASSED              [ 76%]
tests/test_runner.py::test_timeout_writes_log_file PASSED                [ 76%]
tests/test_runner.py::test_generic_exception_returns_cost_none PASSED    [ 76%]
tests/test_runner.py::test_generic_exception_message_contains_actual_error PASSED [ 77%]
tests/test_runner.py::test_generic_exception_writes_log_file PASSED      [ 77%]
tests/test_runner.py::test_success_writes_log_file PASSED                [ 77%]
tests/test_runner.py::test_stderr_printed_on_success PASSED              [ 77%]
tests/test_runner.py::test_no_result_event_returns_blocked PASSED        [ 78%]
tests/test_runner.py::test_no_result_event_writes_log_with_raw_output PASSED [ 78%]
tests/test_runner.py::test_ndjson_parse_valid_stream PASSED              [ 78%]
tests/test_runner.py::test_ndjson_parse_malformed_line_skipped PASSED    [ 78%]
tests/test_runner.py::test_ndjson_parse_missing_result_event PASSED      [ 78%]
tests/test_runner.py::test_resume_session_flag_in_command PASSED         [ 79%]
tests/test_runner.py::test_append_system_prompt_flag_in_command PASSED   [ 79%]
tests/test_runner.py::test_run_step_retries_on_transient_401 PASSED      [ 79%]
tests/test_runner.py::test_run_step_does_not_retry_on_non_transient_error PASSED [ 79%]
tests/test_runner_parser.py::test_parse_clean_output PASSED              [ 80%]
tests/test_runner_parser.py::test_parse_blocked_output PASSED            [ 80%]
tests/test_runner_parser.py::test_run_step_timeout PASSED                [ 80%]
tests/test_runner_parser.py::test_parse_paragraph_form_no_longer_extracted PASSED [ 80%]
tests/test_runner_parser.py::test_parse_h3_flags_for_ceo_bulleted_regression PASSED [ 80%]
tests/test_runner_parser.py::test_parse_h3_flags_for_ceo_none_regression PASSED [ 81%]
tests/test_runner_parser.py::test_parse_verdict_requested_present PASSED [ 81%]
tests/test_runner_parser.py::test_parse_verdict_requested_absent PASSED  [ 81%]
tests/test_runner_parser.py::test_parse_verdict_requested_mid_text PASSED [ 81%]
tests/test_validators.py::test_clean_plan_all_checks_pass PASSED         [ 81%]
tests/test_validators.py::test_reject_missing_dispatch_mode PASSED       [ 82%]
tests/test_validators.py::test_reject_invalid_dispatch_mode_value PASSED [ 82%]
tests/test_validators.py::test_warn_mismatch_manual_bootstrap_in_watched_dir PASSED [ 82%]
tests/test_validators.py::test_no_warn_manual_bootstrap_not_in_watched_dir PASSED [ 82%]
tests/test_validators.py::test_warn_stop_prose_in_bellows_mode PASSED    [ 83%]
tests/test_validators.py::test_no_warn_stop_prose_in_manual_bootstrap_mode PASSED [ 83%]
tests/test_validators.py::test_stop_prose_in_fenced_code_block_excluded PASSED [ 83%]
tests/test_validators.py::test_stop_prose_in_inline_code_excluded PASSED [ 83%]
tests/test_validators.py::test_stop_prose_in_header_excluded PASSED      [ 83%]
tests/test_validators.py::test_stop_prose_in_deposits_block_excluded PASSED [ 84%]
tests/test_validators.py::test_multiple_stop_prose_patterns_detected PASSED [ 84%]
tests/test_validators.py::test_reject_empty_dispatch_mode_value PASSED   [ 84%]
tests/test_validators.py::test_pause_for_verdict_valid_values_no_warning PASSED [ 84%]
tests/test_validators.py::test_pause_for_verdict_invalid_values_warn PASSED [ 85%]
tests/test_validators.py::test_pause_for_verdict_absent_no_warning PASSED [ 85%]
tests/test_validators.py::test_pause_for_verdict_warn_surfaces_in_validate_at_claim PASSED [ 85%]
tests/test_validators.py::test_header_field_types_all_strings_no_warning PASSED [ 85%]
tests/test_validators.py::test_header_field_types_bool_warns PASSED      [ 85%]
tests/test_validators.py::test_header_field_types_int_warns PASSED       [ 86%]
tests/test_validators.py::test_header_field_types_none_value_no_warning PASSED [ 86%]
tests/test_validators.py::test_header_field_types_absent_fields_no_warning PASSED [ 86%]
tests/test_validators.py::test_header_field_types_multiple_non_string_fields PASSED [ 86%]
tests/test_validators.py::test_header_field_types_warn_surfaces_in_validate_at_claim PASSED [ 87%]
tests/test_verdict.py::test_extract_step_text_from_plan_ignores_in_fence_headers PASSED [ 87%]
tests/test_verdict.py::test_extract_step_text_from_plan_ignores_inline_code_references PASSED [ 87%]
tests/test_verdict.py::test_post_verdict_request_creates_file PASSED     [ 87%]
tests/test_verdict.py::test_check_verdict_not_found PASSED               [ 87%]
tests/test_verdict.py::test_check_verdict_continue PASSED                [ 88%]
tests/test_verdict.py::test_check_verdict_stop PASSED                    [ 88%]
tests/test_verdict.py::test_pause_reason_gate_failure_renders_gate_failures_section PASSED [ 88%]
tests/test_verdict.py::test_pause_reason_qa_checkpoint PASSED            [ 88%]
tests/test_verdict.py::test_pause_reason_agent_verdict_request PASSED    [ 89%]
tests/test_verdict.py::test_pause_reason_header_pause PASSED             [ 89%]
tests/test_verdict.py::test_pause_reason_auto_close_disabled PASSED      [ 89%]
tests/test_verdict.py::test_old_fallback_string_never_appears PASSED     [ 89%]
tests/test_verdict.py::test_post_verdict_request_handles_worktree_teardown_failure_dict_format PASSED [ 89%]
tests/test_verdict.py::test_check_verdict_accepts_bare_continue PASSED   [ 90%]
tests/test_verdict.py::test_check_verdict_accepts_bare_stop PASSED       [ 90%]
tests/test_verdict.py::test_check_verdict_still_accepts_prefixed_continue PASSED [ 90%]
tests/test_verdict.py::test_check_verdict_rejects_garbage PASSED         [ 90%]
tests/test_verdict.py::test_log_to_ledger_appends_json PASSED            [ 90%]
tests/test_verdict.py::test_log_to_ledger_without_pause_reason_code PASSED [ 91%]
tests/test_verdict.py::test_log_to_ledger_with_pause_reason_code_qa_checkpoint PASSED [ 91%]
tests/test_verdict.py::test_log_to_ledger_all_pause_reason_codes PASSED  [ 91%]
tests/test_verdict.py::test_intermediate_decisions_section_rendered_when_present PASSED [ 91%]
tests/test_verdict.py::test_intermediate_decisions_section_omitted_when_empty PASSED [ 92%]
tests/test_verdict.py::test_intermediate_decisions_section_omitted_when_none PASSED [ 92%]
tests/test_verdict.py::test_check_verdict_logs_warning_on_malformed_first_line PASSED [ 92%]
tests/test_verdict.py::test_check_verdict_pushover_deduped_per_file_per_daemon_lifetime PASSED [ 92%]
tests/test_verdict.py::test_check_verdict_no_warning_on_empty_file PASSED [ 92%]
tests/test_verdict.py::test_check_verdict_no_warning_on_missing_file PASSED [ 93%]
tests/test_verdict.py::test_check_verdict_well_formed_verdict_continue PASSED [ 93%]
tests/test_verdict.py::test_check_verdict_well_formed_verdict_stop_with_reason PASSED [ 93%]
tests/test_verdict.py::test_check_verdict_pushover_failure_swallowed PASSED [ 93%]
tests/test_verdict.py::test_verification_results_table_all_pass PASSED   [ 94%]
tests/test_verdict.py::test_verification_results_table_fail_row PASSED   [ 94%]
tests/test_verdict.py::test_verification_results_table_intermediate_decisions_count PASSED [ 94%]
tests/test_verdict.py::test_pause_reason_label_rule_22 PASSED            [ 94%]
tests/test_verdict.py::test_gate_failures_section_renders_for_rule_22_check_failed PASSED [ 94%]
tests/test_verdict.py::test_planner_only_checks_remaining_section PASSED [ 95%]
tests/test_verdict.py::test_post_verdict_request_writes_precondition_failure_field PASSED [ 95%]
tests/test_verdict.py::test_post_verdict_request_includes_gate_result_json PASSED [ 95%]
tests/test_worktree.py::test_create_worktree_returns_valid_path_with_tracked_files PASSED [ 95%]
tests/test_worktree.py::test_worktree_isolation_git_diff PASSED          [ 96%]
tests/test_worktree.py::test_teardown_removes_worktree_directory PASSED  [ 96%]
tests/test_worktree.py::test_teardown_merges_commits PASSED              [ 96%]
tests/test_worktree.py::test_teardown_aborts_on_merge_conflict PASSED    [ 96%]
tests/test_worktree.py::test_teardown_raises_on_git_log_exception PASSED [ 96%]
tests/test_worktree.py::test_teardown_raises_on_git_log_nonzero PASSED   [ 97%]
tests/test_worktree.py::test_teardown_proceeds_on_empty_commit_list PASSED [ 97%]
tests/test_worktree.py::test_create_worktree_retries_once_on_failure PASSED [ 97%]
tests/test_worktree.py::test_create_worktree_cleans_stranded_directory PASSED [ 97%]
tests/test_worktree.py::test_create_worktree_cleans_stranded_registered_worktree PASSED [ 98%]
tests/test_worktree.py::test_stranded_cleanup_preserves_unlanded_commits PASSED [ 98%]
tests/test_worktree.py::test_stranded_cleanup_no_preserve_when_already_landed PASSED [ 98%]
tests/test_worktree.py::test_stranded_cleanup_failsafe_preserves_when_main_unresolvable PASSED [ 98%]
tests/test_worktree.py::test_landing_tolerates_dirty_main_invariant PASSED [ 98%]
tests/test_worktree.py::test_landing_aborts_clean_on_dirty_overlap PASSED [ 99%]
tests/test_worktree.py::test_landing_noff_when_main_advanced PASSED      [ 99%]
tests/test_worktree.py::test_landing_aborts_on_true_conflict_main_advanced PASSED [ 99%]
tests/test_worktree.py::test_sha_identity_ff_and_noff PASSED             [ 99%]
tests/test_worktree.py::test_legacy_branchless_worktree_raises_descriptive_error PASSED [100%]

=============================== warnings summary ===============================
../../../../../Library/Python/3.9/lib/python/site-packages/urllib3/__init__.py:35
  /Users/marklehn/Library/Python/3.9/lib/python/site-packages/urllib3/__init__.py:35: NotOpenSSLWarning: urllib3 v2 only supports OpenSSL 1.1.1+, currently the 'ssl' module is compiled with 'LibreSSL 2.8.3'. See: https://github.com/urllib3/urllib3/issues/3020
    warnings.warn(

-- Docs: https://docs.pytest.org/en/stable/how-to/capture-warnings.html
======================== 455 passed, 1 warning in 5.97s ========================
