============================= test session starts ==============================
platform darwin -- Python 3.9.6, pytest-8.4.2, pluggy-1.6.0 -- /Applications/Xcode.app/Contents/Developer/usr/bin/python3
cachedir: .pytest_cache
rootdir: /Users/marklehn/Desktop/GitHub/bellows
plugins: anyio-4.12.1, cov-7.0.0
collecting ... collected 45 items

tests/test_extract_primary_deposit_blocks.py::test_block_single_md_path_returned PASSED [  2%]
tests/test_extract_primary_deposit_blocks.py::test_block_multiple_md_first_returned PASSED [  4%]
tests/test_extract_primary_deposit_blocks.py::test_block_none_bullet_returns_none PASSED [  6%]
tests/test_extract_primary_deposit_blocks.py::test_block_directory_only_returns_none PASSED [  8%]
tests/test_extract_primary_deposit_blocks.py::test_no_block_falls_back_to_legacy PASSED [ 11%]
tests/test_extract_primary_deposit_blocks.py::test_block_with_blockquote_prefix_still_matches PASSED [ 13%]
tests/test_verdict.py::test_post_verdict_request_creates_file PASSED     [ 15%]
tests/test_verdict.py::test_check_verdict_not_found PASSED               [ 17%]
tests/test_verdict.py::test_check_verdict_continue PASSED                [ 20%]
tests/test_verdict.py::test_check_verdict_stop PASSED                    [ 22%]
tests/test_verdict.py::test_pause_reason_gate_failure_renders_gate_failures_section PASSED [ 24%]
tests/test_verdict.py::test_pause_reason_qa_checkpoint PASSED            [ 26%]
tests/test_verdict.py::test_pause_reason_agent_verdict_request PASSED    [ 28%]
tests/test_verdict.py::test_pause_reason_header_pause PASSED             [ 31%]
tests/test_verdict.py::test_pause_reason_auto_close_disabled PASSED      [ 33%]
tests/test_verdict.py::test_old_fallback_string_never_appears PASSED     [ 35%]
tests/test_verdict.py::test_log_to_ledger_appends_json PASSED            [ 37%]
tests/test_gates.py::test_all_gates_pass_on_clean_parsed PASSED          [ 40%]
tests/test_gates.py::test_receipt_status_blocked PASSED                  [ 42%]
tests/test_gates.py::test_receipt_status_partial PASSED                  [ 44%]
tests/test_gates.py::test_ceo_flags_nonempty PASSED                      [ 46%]
tests/test_gates.py::test_is_error_true PASSED                           [ 48%]
tests/test_gates.py::test_permission_denials_nonempty PASSED             [ 51%]
tests/test_gates.py::test_deposit_path_missing PASSED                    [ 53%]
tests/test_gates.py::test_qa_step_detection PASSED                       [ 55%]
tests/test_gates.py::test_file_change_audit_populates PASSED             [ 57%]
tests/test_gates.py::test_scope_check_passes_when_files_in_plan PASSED   [ 60%]
tests/test_gates.py::test_scope_check_fails_when_file_not_in_plan PASSED [ 62%]
tests/test_gates.py::test_scope_check_allowlist PASSED                   [ 64%]
tests/test_gates.py::test_no_deposit_section_passes PASSED               [ 66%]
tests/test_gates.py::test_parse_plan_header_empty PASSED                 [ 68%]
tests/test_gates.py::test_parse_plan_header_basic PASSED                 [ 71%]
tests/test_gates.py::test_parse_plan_header_malformed PASSED             [ 73%]
tests/test_gates.py::test_scope_check_prefix_allowlist_in_progress PASSED [ 75%]
tests/test_gates.py::test_scope_check_prefix_allowlist_verdict_pending PASSED [ 77%]
tests/test_gates.py::test_scope_check_prefix_allowlist_halted PASSED     [ 80%]
tests/test_gates.py::test_scope_check_prefix_allowlist_does_not_suppress_real_violations PASSED [ 82%]
tests/test_gates.py::test_verdict_requested_from_parsed_dict PASSED      [ 84%]
tests/test_gates.py::test_verdict_requested_defaults_when_key_missing PASSED [ 86%]
tests/test_rule_26_deposit_parser.py::test_extract_plan_required_deposits_prefers_declared_block PASSED [ 88%]
tests/test_rule_26_deposit_parser.py::test_extract_plan_required_deposits_falls_back_to_legacy_when_no_block PASSED [ 91%]
tests/test_rule_26_deposit_parser.py::test_extract_plan_required_deposits_handles_none_bullet PASSED [ 93%]
tests/test_rule_26_deposit_parser.py::test_extract_plan_required_deposits_ignores_paths_in_code_fences_when_block_present PASSED [ 95%]
tests/test_rule_26_deposit_parser.py::test_extract_primary_deposit_scoping_in_post_verdict_request PASSED [ 97%]
tests/test_rule_26_deposit_parser.py::test_extract_step_text_helper_gates_py PASSED [100%]

============================== 45 passed in 0.03s ==============================
