============================= test session starts ==============================
platform darwin -- Python 3.9.6, pytest-8.4.2, pluggy-1.6.0 -- /Applications/Xcode.app/Contents/Developer/usr/bin/python3
cachedir: .pytest_cache
rootdir: /Users/marklehn/Desktop/GitHub/bellows
plugins: anyio-4.12.1, cov-7.0.0
collecting ... collected 39 items

tests/test_bellows.py::test_load_config PASSED                           [  2%]
tests/test_bellows.py::test_is_final_step PASSED                         [  5%]
tests/test_bellows.py::test_is_runnable_plan_diagnostic PASSED           [  7%]
tests/test_bellows.py::test_is_runnable_plan_parallel_prefix PASSED      [ 10%]
tests/test_bellows.py::test_extract_parallel_group_match PASSED          [ 12%]
tests/test_bellows.py::test_extract_parallel_group_no_match PASSED       [ 15%]
tests/test_bellows.py::test_is_plan_stranded_returns_true_when_inprogress_exists PASSED [ 17%]
tests/test_bellows.py::test_is_plan_stranded_returns_true_when_done_missing PASSED [ 20%]
tests/test_bellows.py::test_is_plan_stranded_returns_false_on_happy_path PASSED [ 23%]
tests/test_bellows.py::test_rescan_preserves_seen PASSED                 [ 25%]
tests/test_bellows.py::test_source_sha_returns_string PASSED             [ 28%]
tests/test_bellows.py::test_diagnostic_auto_close_moves_to_done PASSED   [ 30%]
tests/test_bellows.py::test_clean_diagnostic_no_header_posts_verdict PASSED [ 33%]
tests/test_bellows.py::test_clean_diagnostic_auto_close_true_moves_to_done PASSED [ 35%]
tests/test_bellows.py::test_handle_parallel_group_stagger PASSED         [ 38%]
tests/test_bellows.py::test_verdict_continue_at_final_step_moves_to_done PASSED [ 41%]
tests/test_bellows.py::test_parse_diff_stat_preexisting_unchanged_returns_empty PASSED [ 43%]
tests/test_bellows.py::test_parse_diff_stat_new_file_only_in_post PASSED [ 46%]
tests/test_bellows.py::test_parse_diff_stat_preexisting_changed_stat_is_reported PASSED [ 48%]
tests/test_bellows.py::test_parse_diff_stat_summary_line_ignored PASSED  [ 51%]
tests/test_bellows.py::test_parse_diff_stat_empty_inputs_return_empty PASSED [ 53%]
tests/test_bellows.py::test_run_plan_resume_step_uses_correct_prompt PASSED [ 56%]
tests/test_bellows.py::test_consume_verdicts_continue_calls_handle_new_plan_with_resume_step PASSED [ 58%]
tests/test_bellows.py::test_consume_verdicts_deletes_pending_file PASSED [ 61%]
tests/test_bellows.py::test_consume_verdicts_pending_cleanup_safe_when_file_missing PASSED [ 64%]
tests/test_bellows.py::test_consume_verdicts_scopes_to_project_from_pending_file PASSED [ 66%]
tests/test_bellows.py::test_consume_verdicts_fallback_to_all_watched_when_pending_missing PASSED [ 69%]
tests/test_bellows.py::test_consume_verdicts_break_prevents_double_consumption PASSED [ 71%]
tests/test_bellows.py::test_handle_parallel_from_watchdog_adds_pending_not_dispatched PASSED [ 74%]
tests/test_bellows.py::test_rescan_dispatches_pending_group_after_settle PASSED [ 76%]
tests/test_bellows.py::test_rescan_does_not_dispatch_pending_group_within_settle PASSED [ 79%]
tests/test_bellows.py::test_nonparallel_plan_dispatches_immediately_from_handle PASSED [ 82%]
tests/test_bellows.py::test_two_parallel_siblings_collected_as_one_group PASSED [ 84%]
tests/test_bellows.py::test_run_plan_claims_file_before_runner_runs PASSED [ 87%]
tests/test_bellows.py::test_run_plan_skips_claim_if_already_inprogress PASSED [ 89%]
tests/test_bellows.py::test_run_plan_bootstrap_prompt_uses_inprogress_path PASSED [ 92%]
tests/test_bellows.py::test_on_moved_dispatches_for_non_directory_event PASSED [ 94%]
tests/test_bellows.py::test_on_moved_ignores_directory_events PASSED     [ 97%]
tests/test_bellows.py::test_is_runnable_plan_inprogress_executable_returns_false PASSED [100%]

=============================== warnings summary ===============================
../../../Library/Python/3.9/lib/python/site-packages/urllib3/__init__.py:35
  /Users/marklehn/Library/Python/3.9/lib/python/site-packages/urllib3/__init__.py:35: NotOpenSSLWarning: urllib3 v2 only supports OpenSSL 1.1.1+, currently the 'ssl' module is compiled with 'LibreSSL 2.8.3'. See: https://github.com/urllib3/urllib3/issues/3020
    warnings.warn(

-- Docs: https://docs.pytest.org/en/stable/how-to/capture-warnings.html
======================== 39 passed, 1 warning in 0.17s =========================
