============================= test session starts ==============================
platform darwin -- Python 3.9.6, pytest-8.4.2, pluggy-1.6.0 -- /Applications/Xcode.app/Contents/Developer/usr/bin/python3
cachedir: .pytest_cache
rootdir: /Users/marklehn/Desktop/GitHub/bellows
plugins: anyio-4.12.1, cov-7.0.0
collecting ... collected 95 items / 64 deselected / 31 selected

tests/test_bellows.py::test_clean_diagnostic_no_header_posts_verdict PASSED [  3%]
tests/test_bellows.py::test_verdict_continue_at_final_step_moves_to_done PASSED [  6%]
tests/test_bellows.py::test_consume_verdicts_continue_calls_handle_new_plan_with_resume_step PASSED [  9%]
tests/test_bellows.py::test_consume_verdicts_deletes_pending_file PASSED [ 12%]
tests/test_bellows.py::test_consume_verdicts_pending_cleanup_safe_when_file_missing PASSED [ 16%]
tests/test_bellows.py::test_consume_verdicts_scopes_to_project_from_pending_file PASSED [ 19%]
tests/test_bellows.py::test_consume_verdicts_fallback_to_all_watched_when_pending_missing PASSED [ 22%]
tests/test_bellows.py::test_consume_verdicts_break_prevents_double_consumption PASSED [ 25%]
tests/test_gates.py::test_scope_check_passes_when_files_in_plan PASSED   [ 29%]
tests/test_gates.py::test_scope_check_fails_when_file_not_in_plan PASSED [ 32%]
tests/test_gates.py::test_scope_check_allowlist PASSED                   [ 35%]
tests/test_gates.py::test_scope_check_prefix_allowlist_in_progress PASSED [ 38%]
tests/test_gates.py::test_scope_check_prefix_allowlist_verdict_pending PASSED [ 41%]
tests/test_gates.py::test_scope_check_prefix_allowlist_halted PASSED     [ 45%]
tests/test_gates.py::test_scope_check_prefix_allowlist_does_not_suppress_real_violations PASSED [ 48%]
tests/test_gates.py::test_verdict_requested_from_parsed_dict PASSED      [ 51%]
tests/test_gates.py::test_verdict_requested_defaults_when_key_missing PASSED [ 54%]
tests/test_runner_parser.py::test_parse_verdict_requested_present PASSED [ 58%]
tests/test_runner_parser.py::test_parse_verdict_requested_absent PASSED  [ 61%]
tests/test_runner_parser.py::test_parse_verdict_requested_mid_text PASSED [ 64%]
tests/test_verdict.py::test_post_verdict_request_creates_file PASSED     [ 67%]
tests/test_verdict.py::test_check_verdict_not_found PASSED               [ 70%]
tests/test_verdict.py::test_check_verdict_continue PASSED                [ 74%]
tests/test_verdict.py::test_check_verdict_stop PASSED                    [ 77%]
tests/test_verdict.py::test_pause_reason_gate_failure_renders_gate_failures_section PASSED [ 80%]
tests/test_verdict.py::test_pause_reason_qa_checkpoint PASSED            [ 83%]
tests/test_verdict.py::test_pause_reason_agent_verdict_request PASSED    [ 87%]
tests/test_verdict.py::test_pause_reason_header_pause PASSED             [ 90%]
tests/test_verdict.py::test_pause_reason_auto_close_disabled PASSED      [ 93%]
tests/test_verdict.py::test_old_fallback_string_never_appears PASSED     [ 96%]
tests/test_verdict.py::test_log_to_ledger_appends_json PASSED            [100%]

=============================== warnings summary ===============================
../../../Library/Python/3.9/lib/python/site-packages/urllib3/__init__.py:35
  /Users/marklehn/Library/Python/3.9/lib/python/site-packages/urllib3/__init__.py:35: NotOpenSSLWarning: urllib3 v2 only supports OpenSSL 1.1.1+, currently the 'ssl' module is compiled with 'LibreSSL 2.8.3'. See: https://github.com/urllib3/urllib3/issues/3020
    warnings.warn(

-- Docs: https://docs.pytest.org/en/stable/how-to/capture-warnings.html
================= 31 passed, 64 deselected, 1 warning in 0.14s =================
