============================= test session starts ==============================
platform darwin -- Python 3.9.6, pytest-8.4.2, pluggy-1.6.0 -- /Applications/Xcode.app/Contents/Developer/usr/bin/python3
cachedir: .pytest_cache
rootdir: /Users/marklehn/Desktop/GitHub/bellows
plugins: anyio-4.12.1, cov-7.0.0
collecting ... collected 46 items

tests/test_gates.py::test_all_gates_pass_on_clean_parsed PASSED          [  2%]
tests/test_gates.py::test_receipt_status_blocked PASSED                  [  4%]
tests/test_gates.py::test_receipt_status_partial PASSED                  [  6%]
tests/test_gates.py::test_ceo_flags_nonempty PASSED                      [  8%]
tests/test_gates.py::test_is_error_true PASSED                           [ 10%]
tests/test_gates.py::test_permission_denials_nonempty PASSED             [ 13%]
tests/test_gates.py::test_permission_denials_read_class_only_passes PASSED [ 15%]
tests/test_gates.py::test_permission_denials_write_class_fails PASSED    [ 17%]
tests/test_gates.py::test_permission_denials_mixed_read_write_fails PASSED [ 19%]
tests/test_gates.py::test_permission_denials_missing_tool_name_fails PASSED [ 21%]
tests/test_gates.py::test_permission_denials_none_tool_name_fails PASSED [ 23%]
tests/test_gates.py::test_permission_denials_unknown_tool_fails PASSED   [ 26%]
tests/test_gates.py::test_permission_denials_string_form_fails PASSED    [ 28%]
tests/test_gates.py::test_deposit_path_missing PASSED                    [ 30%]
tests/test_gates.py::test_qa_step_detection PASSED                       [ 32%]
tests/test_gates.py::test_file_change_audit_populates PASSED             [ 34%]
tests/test_gates.py::test_scope_check_passes_when_files_in_plan PASSED   [ 36%]
tests/test_gates.py::test_scope_check_fails_when_file_not_in_plan PASSED [ 39%]
tests/test_gates.py::test_scope_check_allowlist PASSED                   [ 41%]
tests/test_gates.py::test_no_deposit_section_passes PASSED               [ 43%]
tests/test_gates.py::test_parse_plan_header_empty PASSED                 [ 45%]
tests/test_gates.py::test_parse_plan_header_basic PASSED                 [ 47%]
tests/test_gates.py::test_parse_plan_header_malformed PASSED             [ 50%]
tests/test_gates.py::test_scope_check_prefix_allowlist_in_progress PASSED [ 52%]
tests/test_gates.py::test_scope_check_prefix_allowlist_verdict_pending PASSED [ 54%]
tests/test_gates.py::test_scope_check_prefix_allowlist_halted PASSED     [ 56%]
tests/test_gates.py::test_scope_check_prefix_allowlist_does_not_suppress_real_violations PASSED [ 58%]
tests/test_gates.py::test_verdict_requested_from_parsed_dict PASSED      [ 60%]
tests/test_gates.py::test_verdict_requested_defaults_when_key_missing PASSED [ 63%]
tests/test_gates.py::test_resolve_deposit_path_directory_as_is PASSED    [ 65%]
tests/test_gates.py::test_resolve_deposit_path_directory_project_relative PASSED [ 67%]
tests/test_gates.py::test_resolve_deposit_path_directory_parent_relative PASSED [ 69%]
tests/test_gates.py::test_resolve_deposit_path_nonexistent PASSED        [ 71%]
tests/test_gates.py::test_gate_deposit_exists_directory_in_deposits_block PASSED [ 73%]
tests/test_gates.py::test_deposit_exists_extracts_path_from_backtick_with_description PASSED [ 76%]
tests/test_gates.py::test_deposit_exists_extracts_path_from_backtick_only PASSED [ 78%]
tests/test_gates.py::test_deposit_exists_extracts_path_from_bare_path_without_backticks PASSED [ 80%]
tests/test_gates.py::test_deposit_exists_still_fails_on_genuinely_missing_path_with_new_format PASSED [ 82%]
tests/test_gates.py::test_rule_20_self_check_passes_with_valid_banner_and_passed_line PASSED [ 84%]
tests/test_gates.py::test_rule_20_self_check_fails_when_banner_missing PASSED [ 86%]
tests/test_gates.py::test_rule_20_self_check_fails_when_banner_without_passed_line PASSED [ 89%]
tests/test_gates.py::test_rule_20_self_check_fails_when_deposit_unreadable PASSED [ 91%]
tests/test_gates.py::test_rule_20_self_check_skipped_on_non_qa_step PASSED [ 93%]
tests/test_gates.py::test_rule_20_self_check_passes_when_passed_line_after_banner_in_multi_section_report PASSED [ 95%]
tests/test_gates.py::test_resolve_deposit_path_returns_absolute_path_when_found PASSED [ 97%]
tests/test_gates.py::test_resolve_deposit_path_returns_none_when_not_found PASSED [100%]

============================== 46 passed in 0.03s ==============================
