============================= test session starts ==============================
platform darwin -- Python 3.9.6, pytest-8.4.2, pluggy-1.6.0 -- /Applications/Xcode.app/Contents/Developer/usr/bin/python3
cachedir: .pytest_cache
rootdir: /Users/marklehn/Desktop/GitHub/bellows
plugins: anyio-4.12.1, cov-7.0.0
collecting ... collected 6 items

tests/test_rule_26_deposit_parser.py::test_extract_plan_required_deposits_prefers_declared_block PASSED [ 16%]
tests/test_rule_26_deposit_parser.py::test_extract_plan_required_deposits_falls_back_to_legacy_when_no_block PASSED [ 33%]
tests/test_rule_26_deposit_parser.py::test_extract_plan_required_deposits_handles_none_bullet PASSED [ 50%]
tests/test_rule_26_deposit_parser.py::test_extract_plan_required_deposits_ignores_paths_in_code_fences_when_block_present PASSED [ 66%]
tests/test_rule_26_deposit_parser.py::test_extract_primary_deposit_scoping_in_post_verdict_request PASSED [ 83%]
tests/test_rule_26_deposit_parser.py::test_extract_step_text_helper_gates_py PASSED [100%]

============================== 6 passed in 0.01s ===============================
