============================= test session starts ==============================
platform darwin -- Python 3.9.6, pytest-8.4.2, pluggy-1.6.0 -- /Applications/Xcode.app/Contents/Developer/usr/bin/python3
cachedir: .pytest_cache
rootdir: /Users/marklehn/Desktop/GitHub/bellows
plugins: anyio-4.12.1, cov-7.0.0
collecting ... collected 242 items

tests/test_bellows.py::test_load_config PASSED                           [  0%]
tests/test_bellows.py::test_is_final_step PASSED                         [  0%]
tests/test_bellows.py::test_is_runnable_plan_diagnostic PASSED           [  1%]
tests/test_bellows.py::test_is_runnable_plan_parallel_prefix PASSED      [  1%]
tests/test_bellows.py::test_extract_parallel_group_match PASSED          [  2%]
tests/test_bellows.py::test_extract_parallel_group_no_match PASSED       [  2%]
tests/test_bellows.py::test_is_plan_stranded_returns_true_when_inprogress_exists PASSED [  2%]
tests/test_bellows.py::test_is_plan_stranded_returns_true_when_done_missing PASSED [  3%]
tests/test_bellows.py::test_is_plan_stranded_returns_false_on_happy_path PASSED [  3%]
tests/test_bellows.py::test_rescan_preserves_seen PASSED                 [  4%]
tests/test_bellows.py::test_source_sha_returns_string PASSED             [  4%]
tests/test_bellows.py::test_diagnostic_auto_close_moves_to_done PASSED   [  4%]
tests/test_bellows.py::test_clean_diagnostic_no_header_posts_verdict PASSED [  5%]
tests/test_bellows.py::test_clean_diagnostic_auto_close_true_moves_to_done PASSED [  5%]
tests/test_bellows.py::test_executable_no_header_defaults_to_verdict PASSED [  6%]
tests/test_bellows.py::test_executable_explicit_auto_close_true_still_closes PASSED [  6%]
tests/test_bellows.py::test_handle_parallel_group_stagger PASSED         [  7%]
tests/test_bellows.py::test_verdict_continue_at_final_step_moves_to_done PASSED [  7%]
tests/test_bellows.py::test_parse_diff_stat_preexisting_unchanged_returns_empty PASSED [  7%]
tests/test_bellows.py::test_parse_diff_stat_new_file_only_in_post PASSED [  8%]
tests/test_bellows.py::test_parse_diff_stat_preexisting_changed_stat_is_reported PASSED [  8%]
tests/test_bellows.py::test_parse_diff_stat_summary_line_ignored PASSED  [  9%]
tests/test_bellows.py::test_parse_diff_stat_empty_inputs_return_empty PASSED [  9%]
tests/test_bellows.py::test_capture_git_diff_uses_relative_pathspec PASSED [  9%]
tests/test_bellows.py::test_parse_diff_stat_no_project_path_returns_all PASSED [ 10%]
tests/test_bellows.py::test_parse_diff_stat_project_path_all_inside PASSED [ 10%]
tests/test_bellows.py::test_parse_diff_stat_project_path_filters_dotdot PASSED [ 11%]
tests/test_bellows.py::test_parse_diff_stat_project_path_filters_sibling_project PASSED [ 11%]
tests/test_bellows.py::test_parse_diff_stat_project_path_filters_repo_root PASSED [ 11%]
tests/test_bellows.py::test_parse_diff_stat_project_path_keeps_deep_paths PASSED [ 12%]
tests/test_bellows.py::test_run_plan_resume_step_uses_correct_prompt PASSED [ 12%]
tests/test_bellows.py::test_consume_verdicts_continue_calls_handle_new_plan_with_resume_step PASSED [ 13%]
tests/test_bellows.py::test_consume_verdicts_deletes_pending_file PASSED [ 13%]
tests/test_bellows.py::test_consume_verdicts_pending_cleanup_safe_when_file_missing PASSED [ 14%]
tests/test_bellows.py::test_consume_verdicts_scopes_to_project_from_pending_file PASSED [ 14%]
tests/test_bellows.py::test_consume_verdicts_fallback_to_all_watched_when_pending_missing PASSED [ 14%]
tests/test_bellows.py::test_consume_verdicts_break_prevents_double_consumption PASSED [ 15%]
tests/test_bellows.py::test_handle_parallel_from_watchdog_adds_pending_not_dispatched PASSED [ 15%]
tests/test_bellows.py::test_rescan_dispatches_pending_group_after_settle PASSED [ 16%]
tests/test_bellows.py::test_rescan_does_not_dispatch_pending_group_within_settle PASSED [ 16%]
tests/test_bellows.py::test_nonparallel_plan_dispatches_immediately_from_handle PASSED [ 16%]
tests/test_bellows.py::test_two_parallel_siblings_collected_as_one_group PASSED [ 17%]
tests/test_bellows.py::test_run_plan_claims_file_before_runner_runs PASSED [ 17%]
tests/test_bellows.py::test_run_plan_skips_claim_if_already_inprogress PASSED [ 18%]
tests/test_bellows.py::test_run_plan_bootstrap_prompt_uses_shadow_path PASSED [ 18%]
tests/test_bellows.py::test_run_plan_continuation_prompt_uses_shadow_path PASSED [ 19%]
tests/test_bellows.py::test_run_plan_diagnostic_prompt_uses_shadow_path PASSED [ 19%]
tests/test_bellows.py::test_run_plan_resume_prompt_uses_shadow_path PASSED [ 19%]
tests/test_bellows.py::test_shadow_path_resolves_after_claim PASSED      [ 20%]
tests/test_bellows.py::test_on_moved_dispatches_for_non_directory_event PASSED [ 20%]
tests/test_bellows.py::test_on_moved_ignores_directory_events PASSED     [ 21%]
tests/test_bellows.py::test_on_moved_dispatches_for_top_level_dest PASSED [ 21%]
tests/test_bellows.py::test_on_moved_rejects_subdirectory_dest PASSED    [ 21%]
tests/test_bellows.py::test_on_moved_dispatches_same_directory_rename PASSED [ 22%]
tests/test_bellows.py::test_is_runnable_plan_inprogress_executable_returns_false PASSED [ 22%]
tests/test_bellows.py::test_is_runnable_plan_qa_prefix PASSED            [ 23%]
tests/test_bellows.py::test_is_runnable_plan_parallel_qa_prefix PASSED   [ 23%]
tests/test_bellows.py::test_is_runnable_plan_rejects_roadmap PASSED      [ 23%]
tests/test_bellows.py::test_is_runnable_plan_rejects_staging PASSED      [ 24%]
tests/test_bellows.py::test_skip_logging_fires_once PASSED               [ 24%]
tests/test_bellows.py::test_skip_logging_deduplication PASSED            [ 25%]
tests/test_bellows.py::test_consume_verdicts_no_match_leaves_in_resolved PASSED [ 25%]
tests/test_bellows.py::test_consume_verdicts_stale_verdict_plan_in_done_moves_to_processed PASSED [ 26%]
tests/test_bellows.py::test_consume_verdicts_match_still_moves_to_processed PASSED [ 26%]
tests/test_bellows.py::test_run_plan_inprogress_entry_renames_to_verdict_pending PASSED [ 26%]
tests/test_bellows.py::test_run_plan_inprogress_entry_no_double_prefix PASSED [ 27%]
tests/test_bellows.py::test_extract_total_steps_mixed_case PASSED        [ 27%]
tests/test_bellows.py::test_extract_total_steps_lowercase PASSED         [ 28%]
tests/test_bellows.py::test_extract_total_steps_uppercase_unchanged PASSED [ 28%]
tests/test_bellows.py::test_extract_total_steps_requires_number PASSED   [ 28%]
tests/test_bellows.py::test_extract_total_steps_case_mismatch_warning PASSED [ 29%]
tests/test_bellows.py::test_record_run_stores_plan_slug PASSED           [ 29%]
tests/test_bellows.py::test_run_plan_creates_worktree_before_pre_diff PASSED [ 30%]
tests/test_bellows.py::test_run_plan_passes_wt_path_to_capture_and_runner PASSED [ 30%]
tests/test_bellows.py::test_run_plan_tears_down_worktree_after_final_gate PASSED [ 30%]
tests/test_bellows.py::test_run_plan_strict_pause_on_creation_failure PASSED [ 31%]
tests/test_bellows.py::test_run_plan_pauses_on_cherry_pick_conflict PASSED [ 31%]
tests/test_bellows.py::test_bellows_init_runs_worktree_prune PASSED      [ 32%]
tests/test_bellows.py::test_create_worktree_returns_project_path_when_no_git PASSED [ 32%]
tests/test_bellows.py::test_teardown_worktree_noop_when_wt_equals_project PASSED [ 33%]
tests/test_bellows.py::test_mode_a_detected_and_recovered PASSED         [ 33%]
tests/test_bellows.py::test_mode_a_no_detection_normal_flow PASSED       [ 33%]
tests/test_bellows.py::test_mode_a_missing_file_not_in_done PASSED       [ 34%]
tests/test_bellows.py::test_mode_a_recovery_failure PASSED               [ 34%]
tests/test_bellows.py::test_mode_a_synthetic_failure_in_verdict_request PASSED [ 35%]
tests/test_bellows.py::test_create_worktree_proceeds_when_git_exists PASSED [ 35%]
tests/test_bellows.py::test_warning_multi_step_plan_without_pause_for_verdict PASSED [ 35%]
tests/test_bellows.py::test_no_warning_multi_step_plan_with_pause_for_verdict PASSED [ 36%]
tests/test_bellows.py::test_no_warning_single_step_plan_without_pause_for_verdict PASSED [ 36%]
tests/test_bellows.py::test_no_warning_multi_step_plan_with_pause_always PASSED [ 37%]
tests/test_cleanup_verdicts.py::TestCleanupVerdictsForSlug::test_cleanup_removes_all_step_files_for_slug PASSED [ 37%]
tests/test_cleanup_verdicts.py::TestCleanupVerdictsForSlug::test_cleanup_noop_when_no_matches PASSED [ 38%]
tests/test_cleanup_verdicts.py::TestCleanupVerdictsForSlug::test_cleanup_respects_slug_boundary PASSED [ 38%]
tests/test_cleanup_verdicts.py::TestCleanupVerdictsForSlug::test_cleanup_ignores_resolved_directory PASSED [ 38%]
tests/test_consume_verdicts.py::test_cleanup_normalizes_prefixed_verdict_slug PASSED [ 39%]
tests/test_consume_verdicts.py::test_cleanup_unprefixed_verdict_slug PASSED [ 39%]
tests/test_consume_verdicts.py::test_consume_verdicts_skips_verdict_request_files PASSED [ 40%]
tests/test_consume_verdicts.py::test_dispatch_starts_fresh_when_db_has_orphan_slug_rows PASSED [ 40%]
tests/test_consume_verdicts.py::test_startup_sweep_removes_done_plan_orphans PASSED [ 40%]
tests/test_extract_primary_deposit_blocks.py::test_block_single_md_path_returned PASSED [ 41%]
tests/test_extract_primary_deposit_blocks.py::test_block_multiple_md_first_returned PASSED [ 41%]
tests/test_extract_primary_deposit_blocks.py::test_block_none_bullet_returns_none PASSED [ 42%]
tests/test_extract_primary_deposit_blocks.py::test_block_directory_only_returns_none PASSED [ 42%]
tests/test_extract_primary_deposit_blocks.py::test_no_block_falls_back_to_legacy PASSED [ 42%]
tests/test_extract_primary_deposit_blocks.py::test_block_with_blockquote_prefix_still_matches PASSED [ 43%]
tests/test_extract_primary_deposit_blocks.py::test_block_with_blank_quoted_line_between_header_and_bullets PASSED [ 43%]
tests/test_extract_primary_deposit_blocks.py::test_block_with_multiple_blank_quoted_lines PASSED [ 44%]
tests/test_extract_primary_deposit_blocks.py::test_block_does_not_span_paragraphs PASSED [ 44%]
tests/test_gates.py::test_all_gates_pass_on_clean_parsed PASSED          [ 45%]
tests/test_gates.py::test_receipt_status_blocked PASSED                  [ 45%]
tests/test_gates.py::test_receipt_status_partial PASSED                  [ 45%]
tests/test_gates.py::test_ceo_flags_nonempty PASSED                      [ 46%]
tests/test_gates.py::test_is_error_true PASSED                           [ 46%]
tests/test_gates.py::test_permission_denials_nonempty PASSED             [ 47%]
tests/test_gates.py::test_permission_denials_read_class_only_passes PASSED [ 47%]
tests/test_gates.py::test_permission_denials_write_class_fails PASSED    [ 47%]
tests/test_gates.py::test_permission_denials_mixed_read_write_fails PASSED [ 48%]
tests/test_gates.py::test_permission_denials_missing_tool_name_fails PASSED [ 48%]
tests/test_gates.py::test_permission_denials_none_tool_name_fails PASSED [ 49%]
tests/test_gates.py::test_permission_denials_unknown_tool_fails PASSED   [ 49%]
tests/test_gates.py::test_permission_denials_string_form_fails PASSED    [ 50%]
tests/test_gates.py::test_deposit_path_missing PASSED                    [ 50%]
tests/test_gates.py::test_qa_step_detection PASSED                       [ 50%]
tests/test_gates.py::test_file_change_audit_populates PASSED             [ 51%]
tests/test_gates.py::test_scope_check_passes_when_files_in_plan PASSED   [ 51%]
tests/test_gates.py::test_scope_check_fails_when_file_not_in_plan PASSED [ 52%]
tests/test_gates.py::test_scope_check_allowlist PASSED                   [ 52%]
tests/test_gates.py::test_no_deposit_section_passes PASSED               [ 52%]
tests/test_gates.py::test_parse_plan_header_empty PASSED                 [ 53%]
tests/test_gates.py::test_parse_plan_header_basic PASSED                 [ 53%]
tests/test_gates.py::test_parse_plan_header_malformed PASSED             [ 54%]
tests/test_gates.py::test_parse_plan_header_pipe_format_with_pause_for_verdict PASSED [ 54%]
tests/test_gates.py::test_parse_plan_header_pipe_format_without_pause_for_verdict PASSED [ 54%]
tests/test_gates.py::test_parse_plan_header_yaml_still_works PASSED      [ 55%]
tests/test_gates.py::test_parse_plan_header_no_format_returns_empty PASSED [ 55%]
tests/test_gates.py::test_parse_plan_header_pipe_format_always PASSED    [ 56%]
tests/test_gates.py::test_parse_plan_header_pipe_format_key_normalization PASSED [ 56%]
tests/test_gates.py::test_pipe_header_pause_for_verdict_after_step_1_causes_pause PASSED [ 57%]
tests/test_gates.py::test_pipe_header_pause_for_verdict_always_causes_pause PASSED [ 57%]
tests/test_gates.py::test_pipe_header_no_pause_for_verdict_no_pause PASSED [ 57%]
tests/test_gates.py::test_scope_check_prefix_allowlist_in_progress PASSED [ 58%]
tests/test_gates.py::test_scope_check_prefix_allowlist_verdict_pending PASSED [ 58%]
tests/test_gates.py::test_scope_check_prefix_allowlist_halted PASSED     [ 59%]
tests/test_gates.py::test_scope_check_prefix_allowlist_does_not_suppress_real_violations PASSED [ 59%]
tests/test_gates.py::test_verdict_requested_from_parsed_dict PASSED      [ 59%]
tests/test_gates.py::test_verdict_requested_defaults_when_key_missing PASSED [ 60%]
tests/test_gates.py::test_resolve_deposit_path_directory_as_is PASSED    [ 60%]
tests/test_gates.py::test_resolve_deposit_path_directory_project_relative PASSED [ 61%]
tests/test_gates.py::test_resolve_deposit_path_directory_parent_relative PASSED [ 61%]
tests/test_gates.py::test_resolve_deposit_path_nonexistent PASSED        [ 61%]
tests/test_gates.py::test_gate_deposit_exists_directory_in_deposits_block PASSED [ 62%]
tests/test_gates.py::test_deposit_exists_extracts_path_from_backtick_with_description PASSED [ 62%]
tests/test_gates.py::test_deposit_exists_extracts_path_from_backtick_only PASSED [ 63%]
tests/test_gates.py::test_deposit_exists_extracts_path_from_bare_path_without_backticks PASSED [ 63%]
tests/test_gates.py::test_deposit_exists_still_fails_on_genuinely_missing_path_with_new_format PASSED [ 64%]
tests/test_gates.py::test_rule_20_self_check_passes_with_valid_banner_and_passed_line PASSED [ 64%]
tests/test_gates.py::test_rule_20_self_check_fails_when_banner_missing PASSED [ 64%]
tests/test_gates.py::test_rule_20_self_check_fails_when_banner_without_passed_line PASSED [ 65%]
tests/test_gates.py::test_rule_20_self_check_fails_when_deposit_unreadable PASSED [ 65%]
tests/test_gates.py::test_rule_20_self_check_skipped_on_non_qa_step PASSED [ 66%]
tests/test_gates.py::test_rule_20_self_check_passes_when_passed_line_after_banner_in_multi_section_report PASSED [ 66%]
tests/test_gates.py::test_resolve_deposit_path_returns_absolute_path_when_found PASSED [ 66%]
tests/test_gates.py::test_resolve_deposit_path_returns_none_when_not_found PASSED [ 67%]
tests/test_gates.py::test_resolve_deposit_path_finds_file_in_worktree PASSED [ 67%]
tests/test_gates.py::test_resolve_deposit_path_finds_file_in_worktree_form_a PASSED [ 68%]
tests/test_gates.py::test_resolve_deposit_path_bellows_self_no_wt_path_drift PASSED [ 68%]
tests/test_gates.py::test_resolve_deposit_path_no_wt_path_backward_compat PASSED [ 69%]
tests/test_gates.py::test_gate_deposit_exists_threads_wt_path PASSED     [ 69%]
tests/test_gates.py::test_gate_deposit_exists_fails_when_file_truly_missing PASSED [ 69%]
tests/test_notifier_server.py::test_push_success PASSED                  [ 70%]
tests/test_notifier_server.py::test_push_passes_timeout PASSED           [ 70%]
tests/test_notifier_server.py::test_push_timeout_exception_handled_gracefully PASSED [ 71%]
tests/test_notifier_server.py::test_no_stranded_check_in_run_plan PASSED [ 71%]
tests/test_notifier_server.py::test_push_failure PASSED                  [ 71%]
tests/test_notifier_server.py::test_server_respond PASSED                [ 72%]
tests/test_phase4_parser.py::test_parser_returns_complete_for_end_turn PASSED [ 72%]
tests/test_phase4_parser.py::test_parser_returns_blocked_for_error PASSED [ 73%]
tests/test_phase4_parser.py::test_parser_returns_partial_for_max_tokens PASSED [ 73%]
tests/test_phase4_planner_retry.py::test_planner_retries_on_auth_failure PASSED [ 73%]
tests/test_phase4_planner_retry.py::test_planner_falls_back_to_continue_on_persistent_failure PASSED [ 74%]
tests/test_planner.py::test_build_consult_file PASSED                    [ 74%]
tests/test_planner.py::test_consult_bad_json PASSED                      [ 75%]
tests/test_planner.py::test_consult_timeout PASSED                       [ 75%]
tests/test_rule_26_deposit_parser.py::test_extract_plan_required_deposits_prefers_declared_block PASSED [ 76%]
tests/test_rule_26_deposit_parser.py::test_extract_plan_required_deposits_falls_back_to_legacy_when_no_block PASSED [ 76%]
tests/test_rule_26_deposit_parser.py::test_extract_plan_required_deposits_handles_none_bullet PASSED [ 76%]
tests/test_rule_26_deposit_parser.py::test_extract_plan_required_deposits_ignores_paths_in_code_fences_when_block_present PASSED [ 77%]
tests/test_rule_26_deposit_parser.py::test_extract_primary_deposit_scoping_in_post_verdict_request PASSED [ 77%]
tests/test_rule_26_deposit_parser.py::test_extract_plan_required_deposits_blank_quoted_line PASSED [ 78%]
tests/test_rule_26_deposit_parser.py::test_extract_plan_required_deposits_multiple_blank_quoted_lines PASSED [ 78%]
tests/test_rule_26_deposit_parser.py::test_extract_plan_required_deposits_does_not_span_paragraphs PASSED [ 78%]
tests/test_rule_26_deposit_parser.py::test_extract_step_text_helper_gates_py PASSED [ 79%]
tests/test_runner.py::test_configurable_timeout_respected PASSED         [ 79%]
tests/test_runner.py::test_timeout_returns_cost_none PASSED              [ 80%]
tests/test_runner.py::test_timeout_writes_log_file PASSED                [ 80%]
tests/test_runner.py::test_generic_exception_returns_cost_none PASSED    [ 80%]
tests/test_runner.py::test_generic_exception_message_contains_actual_error PASSED [ 81%]
tests/test_runner.py::test_generic_exception_writes_log_file PASSED      [ 81%]
tests/test_runner.py::test_success_writes_log_file PASSED                [ 82%]
tests/test_runner.py::test_stderr_printed_on_success PASSED              [ 82%]
tests/test_runner.py::test_no_result_event_returns_blocked PASSED        [ 83%]
tests/test_runner.py::test_no_result_event_writes_log_with_raw_output PASSED [ 83%]
tests/test_runner.py::test_ndjson_parse_valid_stream PASSED              [ 83%]
tests/test_runner.py::test_ndjson_parse_malformed_line_skipped PASSED    [ 84%]
tests/test_runner.py::test_ndjson_parse_missing_result_event PASSED      [ 84%]
tests/test_runner.py::test_resume_session_flag_in_command PASSED         [ 85%]
tests/test_runner.py::test_append_system_prompt_flag_in_command PASSED   [ 85%]
tests/test_runner_parser.py::test_parse_clean_output PASSED              [ 85%]
tests/test_runner_parser.py::test_parse_blocked_output PASSED            [ 86%]
tests/test_runner_parser.py::test_run_step_timeout FAILED                [ 86%]
tests/test_runner_parser.py::test_parse_paragraph_form_no_longer_extracted PASSED [ 87%]
tests/test_runner_parser.py::test_parse_h3_flags_for_ceo_bulleted_regression PASSED [ 87%]
tests/test_runner_parser.py::test_parse_h3_flags_for_ceo_none_regression PASSED [ 88%]
tests/test_runner_parser.py::test_parse_verdict_requested_present PASSED [ 88%]
tests/test_runner_parser.py::test_parse_verdict_requested_absent PASSED  [ 88%]
tests/test_runner_parser.py::test_parse_verdict_requested_mid_text PASSED [ 89%]
tests/test_verdict.py::test_post_verdict_request_creates_file PASSED     [ 89%]
tests/test_verdict.py::test_check_verdict_not_found PASSED               [ 90%]
tests/test_verdict.py::test_check_verdict_continue PASSED                [ 90%]
tests/test_verdict.py::test_check_verdict_stop PASSED                    [ 90%]
tests/test_verdict.py::test_pause_reason_gate_failure_renders_gate_failures_section PASSED [ 91%]
tests/test_verdict.py::test_pause_reason_qa_checkpoint PASSED            [ 91%]
tests/test_verdict.py::test_pause_reason_agent_verdict_request PASSED    [ 92%]
tests/test_verdict.py::test_pause_reason_header_pause PASSED             [ 92%]
tests/test_verdict.py::test_pause_reason_auto_close_disabled PASSED      [ 92%]
tests/test_verdict.py::test_old_fallback_string_never_appears PASSED     [ 93%]
tests/test_verdict.py::test_post_verdict_request_handles_worktree_teardown_failure_dict_format PASSED [ 93%]
tests/test_verdict.py::test_check_verdict_accepts_bare_continue PASSED   [ 94%]
tests/test_verdict.py::test_check_verdict_accepts_bare_stop PASSED       [ 94%]
tests/test_verdict.py::test_check_verdict_still_accepts_prefixed_continue PASSED [ 95%]
tests/test_verdict.py::test_check_verdict_rejects_garbage PASSED         [ 95%]
tests/test_verdict.py::test_log_to_ledger_appends_json PASSED            [ 95%]
tests/test_verdict.py::test_log_to_ledger_without_pause_reason_code PASSED [ 96%]
tests/test_verdict.py::test_log_to_ledger_with_pause_reason_code_qa_checkpoint PASSED [ 96%]
tests/test_verdict.py::test_log_to_ledger_all_pause_reason_codes PASSED  [ 97%]
tests/test_worktree.py::test_create_worktree_returns_valid_path_with_tracked_files PASSED [ 97%]
tests/test_worktree.py::test_worktree_isolation_git_diff PASSED          [ 97%]
tests/test_worktree.py::test_teardown_removes_worktree_directory PASSED  [ 98%]
tests/test_worktree.py::test_teardown_cherry_picks_commits PASSED        [ 98%]
tests/test_worktree.py::test_teardown_copies_uncommitted_files PASSED    [ 99%]
tests/test_worktree.py::test_teardown_aborts_on_cherry_pick_conflict PASSED [ 99%]
tests/test_worktree.py::test_create_worktree_retries_once_on_failure PASSED [100%]

=================================== FAILURES ===================================
____________________________ test_run_step_timeout _____________________________

    def test_run_step_timeout():
        with patch("runner.subprocess.run", side_effect=subprocess.TimeoutExpired("claude", 300)):
            result = runner.run_step("test prompt", "/tmp", "claude-sonnet-4-6")
>       assert result["is_error"] is True
E       assert False is True

tests/test_runner_parser.py:57: AssertionError
=============================== warnings summary ===============================
../../../Library/Python/3.9/lib/python/site-packages/urllib3/__init__.py:35
  /Users/marklehn/Library/Python/3.9/lib/python/site-packages/urllib3/__init__.py:35: NotOpenSSLWarning: urllib3 v2 only supports OpenSSL 1.1.1+, currently the 'ssl' module is compiled with 'LibreSSL 2.8.3'. See: https://github.com/urllib3/urllib3/issues/3020
    warnings.warn(

-- Docs: https://docs.pytest.org/en/stable/how-to/capture-warnings.html
=========================== short test summary info ============================
FAILED tests/test_runner_parser.py::test_run_step_timeout - assert False is True
=================== 1 failed, 241 passed, 1 warning in 5.90s ===================
