============================= test session starts ==============================
platform darwin -- Python 3.9.6, pytest-8.4.2, pluggy-1.6.0 -- /Applications/Xcode.app/Contents/Developer/usr/bin/python3
cachedir: .pytest_cache
rootdir: /Users/marklehn/Desktop/GitHub/bellows
plugins: anyio-4.12.1, cov-7.0.0
collecting ... collected 87 items

tests/test_verdict.py::test_post_verdict_request_creates_file PASSED     [  1%]
tests/test_verdict.py::test_check_verdict_not_found PASSED               [  2%]
tests/test_verdict.py::test_check_verdict_continue PASSED                [  3%]
tests/test_verdict.py::test_check_verdict_stop PASSED                    [  4%]
tests/test_verdict.py::test_pause_reason_gate_failure_renders_gate_failures_section PASSED [  5%]
tests/test_verdict.py::test_pause_reason_qa_checkpoint PASSED            [  6%]
tests/test_verdict.py::test_pause_reason_agent_verdict_request PASSED    [  8%]
tests/test_verdict.py::test_pause_reason_header_pause PASSED             [  9%]
tests/test_verdict.py::test_pause_reason_auto_close_disabled PASSED      [ 10%]
tests/test_verdict.py::test_old_fallback_string_never_appears PASSED     [ 11%]
tests/test_verdict.py::test_post_verdict_request_handles_worktree_teardown_failure_dict_format PASSED [ 12%]
tests/test_verdict.py::test_log_to_ledger_appends_json PASSED            [ 13%]
tests/test_verdict.py::test_log_to_ledger_without_pause_reason_code PASSED [ 14%]
tests/test_verdict.py::test_log_to_ledger_with_pause_reason_code_qa_checkpoint PASSED [ 16%]
tests/test_verdict.py::test_log_to_ledger_all_pause_reason_codes PASSED  [ 17%]
tests/test_bellows.py::test_load_config PASSED                           [ 18%]
tests/test_bellows.py::test_is_final_step PASSED                         [ 19%]
tests/test_bellows.py::test_is_runnable_plan_diagnostic PASSED           [ 20%]
tests/test_bellows.py::test_is_runnable_plan_parallel_prefix PASSED      [ 21%]
tests/test_bellows.py::test_extract_parallel_group_match PASSED          [ 22%]
tests/test_bellows.py::test_extract_parallel_group_no_match PASSED       [ 24%]
tests/test_bellows.py::test_is_plan_stranded_returns_true_when_inprogress_exists PASSED [ 25%]
tests/test_bellows.py::test_is_plan_stranded_returns_true_when_done_missing PASSED [ 26%]
tests/test_bellows.py::test_is_plan_stranded_returns_false_on_happy_path PASSED [ 27%]
tests/test_bellows.py::test_rescan_preserves_seen PASSED                 [ 28%]
tests/test_bellows.py::test_source_sha_returns_string PASSED             [ 29%]
tests/test_bellows.py::test_diagnostic_auto_close_moves_to_done PASSED   [ 31%]
tests/test_bellows.py::test_clean_diagnostic_no_header_posts_verdict PASSED [ 32%]
tests/test_bellows.py::test_clean_diagnostic_auto_close_true_moves_to_done PASSED [ 33%]
tests/test_bellows.py::test_executable_no_header_defaults_to_verdict PASSED [ 34%]
tests/test_bellows.py::test_executable_explicit_auto_close_true_still_closes PASSED [ 35%]
tests/test_bellows.py::test_handle_parallel_group_stagger PASSED         [ 36%]
tests/test_bellows.py::test_verdict_continue_at_final_step_moves_to_done PASSED [ 37%]
tests/test_bellows.py::test_parse_diff_stat_preexisting_unchanged_returns_empty PASSED [ 39%]
tests/test_bellows.py::test_parse_diff_stat_new_file_only_in_post PASSED [ 40%]
tests/test_bellows.py::test_parse_diff_stat_preexisting_changed_stat_is_reported PASSED [ 41%]
tests/test_bellows.py::test_parse_diff_stat_summary_line_ignored PASSED  [ 42%]
tests/test_bellows.py::test_parse_diff_stat_empty_inputs_return_empty PASSED [ 43%]
tests/test_bellows.py::test_capture_git_diff_uses_relative_pathspec PASSED [ 44%]
tests/test_bellows.py::test_parse_diff_stat_no_project_path_returns_all PASSED [ 45%]
tests/test_bellows.py::test_parse_diff_stat_project_path_all_inside PASSED [ 47%]
tests/test_bellows.py::test_parse_diff_stat_project_path_filters_dotdot PASSED [ 48%]
tests/test_bellows.py::test_parse_diff_stat_project_path_filters_sibling_project PASSED [ 49%]
tests/test_bellows.py::test_parse_diff_stat_project_path_filters_repo_root PASSED [ 50%]
tests/test_bellows.py::test_parse_diff_stat_project_path_keeps_deep_paths PASSED [ 51%]
tests/test_bellows.py::test_run_plan_resume_step_uses_correct_prompt PASSED [ 52%]
tests/test_bellows.py::test_consume_verdicts_continue_calls_handle_new_plan_with_resume_step PASSED [ 54%]
tests/test_bellows.py::test_consume_verdicts_deletes_pending_file PASSED [ 55%]
tests/test_bellows.py::test_consume_verdicts_pending_cleanup_safe_when_file_missing PASSED [ 56%]
tests/test_bellows.py::test_consume_verdicts_scopes_to_project_from_pending_file PASSED [ 57%]
tests/test_bellows.py::test_consume_verdicts_fallback_to_all_watched_when_pending_missing PASSED [ 58%]
tests/test_bellows.py::test_consume_verdicts_break_prevents_double_consumption PASSED [ 59%]
tests/test_bellows.py::test_handle_parallel_from_watchdog_adds_pending_not_dispatched PASSED [ 60%]
tests/test_bellows.py::test_rescan_dispatches_pending_group_after_settle PASSED [ 62%]
tests/test_bellows.py::test_rescan_does_not_dispatch_pending_group_within_settle PASSED [ 63%]
tests/test_bellows.py::test_nonparallel_plan_dispatches_immediately_from_handle PASSED [ 64%]
tests/test_bellows.py::test_two_parallel_siblings_collected_as_one_group PASSED [ 65%]
tests/test_bellows.py::test_run_plan_claims_file_before_runner_runs PASSED [ 66%]
tests/test_bellows.py::test_run_plan_skips_claim_if_already_inprogress PASSED [ 67%]
tests/test_bellows.py::test_run_plan_bootstrap_prompt_uses_shadow_path PASSED [ 68%]
tests/test_bellows.py::test_run_plan_continuation_prompt_uses_shadow_path PASSED [ 70%]
tests/test_bellows.py::test_run_plan_diagnostic_prompt_uses_shadow_path PASSED [ 71%]
tests/test_bellows.py::test_run_plan_resume_prompt_uses_shadow_path PASSED [ 72%]
tests/test_bellows.py::test_shadow_path_resolves_after_claim PASSED      [ 73%]
tests/test_bellows.py::test_on_moved_dispatches_for_non_directory_event PASSED [ 74%]
tests/test_bellows.py::test_on_moved_ignores_directory_events PASSED     [ 75%]
tests/test_bellows.py::test_on_moved_dispatches_for_top_level_dest PASSED [ 77%]
tests/test_bellows.py::test_on_moved_rejects_subdirectory_dest PASSED    [ 78%]
tests/test_bellows.py::test_on_moved_dispatches_same_directory_rename PASSED [ 79%]
tests/test_bellows.py::test_is_runnable_plan_inprogress_executable_returns_false PASSED [ 80%]
tests/test_bellows.py::test_consume_verdicts_no_match_leaves_in_resolved PASSED [ 81%]
tests/test_bellows.py::test_consume_verdicts_stale_verdict_plan_in_done_moves_to_processed PASSED [ 82%]
tests/test_bellows.py::test_consume_verdicts_match_still_moves_to_processed PASSED [ 83%]
tests/test_bellows.py::test_run_plan_inprogress_entry_renames_to_verdict_pending PASSED [ 85%]
tests/test_bellows.py::test_run_plan_inprogress_entry_no_double_prefix PASSED [ 86%]
tests/test_bellows.py::test_extract_total_steps_mixed_case PASSED        [ 87%]
tests/test_bellows.py::test_extract_total_steps_lowercase PASSED         [ 88%]
tests/test_bellows.py::test_extract_total_steps_uppercase_unchanged PASSED [ 89%]
tests/test_bellows.py::test_extract_total_steps_requires_number PASSED   [ 90%]
tests/test_bellows.py::test_extract_total_steps_case_mismatch_warning PASSED [ 91%]
tests/test_bellows.py::test_record_run_stores_plan_slug PASSED           [ 93%]
tests/test_bellows.py::test_run_plan_creates_worktree_before_pre_diff PASSED [ 94%]
tests/test_bellows.py::test_run_plan_passes_wt_path_to_capture_and_runner PASSED [ 95%]
tests/test_bellows.py::test_run_plan_tears_down_worktree_after_final_gate PASSED [ 96%]
tests/test_bellows.py::test_run_plan_strict_pause_on_creation_failure PASSED [ 97%]
tests/test_bellows.py::test_run_plan_pauses_on_cherry_pick_conflict PASSED [ 98%]
tests/test_bellows.py::test_bellows_init_runs_worktree_prune PASSED      [100%]

=============================== warnings summary ===============================
../../../Library/Python/3.9/lib/python/site-packages/urllib3/__init__.py:35
  /Users/marklehn/Library/Python/3.9/lib/python/site-packages/urllib3/__init__.py:35: NotOpenSSLWarning: urllib3 v2 only supports OpenSSL 1.1.1+, currently the 'ssl' module is compiled with 'LibreSSL 2.8.3'. See: https://github.com/urllib3/urllib3/issues/3020
    warnings.warn(

-- Docs: https://docs.pytest.org/en/stable/how-to/capture-warnings.html
======================== 87 passed, 1 warning in 0.37s =========================
